#
# There is insufficient memory for the Java Runtime Environment to continue.
# Native memory allocation (mmap) failed to map 4161536 bytes. Error detail: G1 virtual space
# Possible reasons:
#   The system is out of physical RAM or swap space
#   This process is running with CompressedOops enabled, and the Java Heap may be blocking the growth of the native heap
# Possible solutions:
#   Reduce memory load on the system
#   Increase physical memory or swap space
#   Check if swap backing store is full
#   Decrease Java heap size (-Xmx/-Xms)
#   Decrease number of Java threads
#   Decrease Java thread stack sizes (-Xss)
#   Set larger code cache with -XX:ReservedCodeCacheSize=
#   JVM is running with Zero Based Compressed Oops mode in which the Java heap is
#     placed in the first 32GB address space. The Java Heap base address is the
#     maximum limit for the native heap growth. Please use -XX:HeapBaseMinAddress
#     to set the Java Heap base and to place the Java Heap above 32GB virtual address.
# This output file may be truncated or incomplete.
#
#  Out of Memory Error (os_windows.cpp:3825), pid=1824, tid=728
#
# JRE version:  (17.0.11) (build )
# Java VM: OpenJDK 64-Bit Server VM (17.0.11+0--11852314, mixed mode, sharing, tiered, compressed oops, compressed class ptrs, g1 gc, windows-amd64)
# No core dump will be written. Minidumps are not enabled by default on client versions of Windows
#

---------------  S U M M A R Y ------------

Command Line: org.jetbrains.kotlin.cli.jvm.K2JVMCompiler @C:\Users\VICTORHERNANIALBIOL\Documents\GitHub\Pokedex\app\build\20250213_13283640557938989965.compiler.options

Host: 11th Gen Intel(R) Core(TM) i5-11400 @ 2.60GHz, 12 cores, 15G,  Windows 10 , 64 bit Build 19041 (10.0.19041.5198)
Time: Thu Feb 13 14:30:08 2025 Hora estándar romance elapsed time: 0.005955 seconds (0d 0h 0m 0s)

---------------  T H R E A D  ---------------

Current thread (0x000002c4b9fa1da0):  JavaThread "Unknown thread" [_thread_in_vm, id=728, stack(0x000000d4ce900000,0x000000d4cea00000)]

Stack: [0x000000d4ce900000,0x000000d4cea00000]
Native frames: (J=compiled Java code, j=interpreted, Vv=VM code, C=native code)
V  [jvm.dll+0x687bb9]
V  [jvm.dll+0x84142a]
V  [jvm.dll+0x8430ae]
V  [jvm.dll+0x843713]
V  [jvm.dll+0x24a35f]
V  [jvm.dll+0x684989]
V  [jvm.dll+0x67923a]
V  [jvm.dll+0x30af0b]
V  [jvm.dll+0x3123b6]
V  [jvm.dll+0x361e28]
V  [jvm.dll+0x36202f]
V  [jvm.dll+0x2e0d38]
V  [jvm.dll+0x2e1ca4]
V  [jvm.dll+0x811f21]
V  [jvm.dll+0x36fb68]
V  [jvm.dll+0x7f0896]
V  [jvm.dll+0x3f3d2f]
V  [jvm.dll+0x3f58e1]
C  [jli.dll+0x528f]
C  [ucrtbase.dll+0x21bb2]
C  [KERNEL32.DLL+0x17374]
C  [ntdll.dll+0x4cc91]


---------------  P R O C E S S  ---------------

Threads class SMR info:
_java_thread_list=0x00007ffedc1eefd8, length=0, elements={
}

Java Threads: ( => current thread )

Other Threads:
  0x000002c4ba00aed0 GCTaskThread "GC Thread#0" [stack: 0x000000d4cea00000,0x000000d4ceb00000] [id=13768]
  0x000002c4ba01bb30 ConcurrentGCThread "G1 Main Marker" [stack: 0x000000d4ceb00000,0x000000d4cec00000] [id=6860]
  0x000002c4ba01c550 ConcurrentGCThread "G1 Conc#0" [stack: 0x000000d4cec00000,0x000000d4ced00000] [id=2908]

[error occurred during error reporting (printing all threads), id 0xc0000005, EXCEPTION_ACCESS_VIOLATION (0xc0000005) at pc=0x00007ffedb9a1907]

VM state: not at safepoint (not fully initialized)

VM Mutex/Monitor currently owned by a thread:  ([mutex/lock_event])
[0x000002c4b9f9d350] Heap_lock - owner thread: 0x000002c4b9fa1da0

Heap address: 0x0000000702e00000, size: 4050 MB, Compressed Oops mode: Zero based, Oop shift amount: 3

CDS archive(s) mapped at: [0x0000000000000000-0x0000000000000000-0x0000000000000000), size 0, SharedBaseAddress: 0x0000000800000000, ArchiveRelocationMode: 1.
Narrow klass base: 0x0000000000000000, Narrow klass shift: 0, Narrow klass range: 0x0

GC Precious Log:
<Empty>

Heap:
 garbage-first heap   total 0K, used 0K [0x0000000702e00000, 0x0000000800000000)
  region size 2048K, 0 young (0K), 0 survivors (0K)
 Metaspace       used 0K, committed 0K, reserved 0K
  class space    used 0K, committed 0K, reserved 0K

Heap Regions: E=young(eden), S=young(survivor), O=old, HS=humongous(starts), HC=humongous(continues), CS=collection set, F=free, OA=open archive, CA=closed archive, TAMS=top-at-mark-start (previous, next)

Card table byte_map: [0x000002c4cd1c0000,0x000002c4cd9b0000] _byte_map_base: 0x000002c4c99a9000

Marking Bits (Prev, Next): (CMBitMap*) 0x000002c4ba00b4f0, (CMBitMap*) 0x000002c4ba00b530
 Prev Bits: [0x000002c4ce1a0000, 0x000002c4d20e8000)
 Next Bits: [0x000002c4d20f0000, 0x000002c4d6038000)

GC Heap History (0 events):
No events

Dll operation events (1 events):
Event: 0.003 Loaded shared library C:\Program Files\Android\Android Studio\jbr\bin\java.dll

Deoptimization events (0 events):
No events

Classes unloaded (0 events):
No events

Classes redefined (0 events):
No events

Internal exceptions (0 events):
No events

VM Operations (0 events):
No events

Events (0 events):
No events


Dynamic libraries:
0x00007ff758100000 - 0x00007ff75810a000 	C:\Program Files\Android\Android Studio\jbr\bin\java.exe
0x00007fff20a70000 - 0x00007fff20c68000 	C:\Windows\SYSTEM32\ntdll.dll
0x00007fff1f720000 - 0x00007fff1f7e2000 	C:\Windows\System32\KERNEL32.DLL
0x00007fff1e520000 - 0x00007fff1e81f000 	C:\Windows\System32\KERNELBASE.dll
0x00007fff1e3d0000 - 0x00007fff1e4d0000 	C:\Windows\System32\ucrtbase.dll
0x00007fff04670000 - 0x00007fff04687000 	C:\Program Files\Android\Android Studio\jbr\bin\jli.dll
0x00007ffefd1a0000 - 0x00007ffefd1bb000 	C:\Program Files\Android\Android Studio\jbr\bin\VCRUNTIME140.dll
0x00007fff207a0000 - 0x00007fff2093d000 	C:\Windows\System32\USER32.dll
0x00007fff030a0000 - 0x00007fff0333a000 	C:\Windows\WinSxS\amd64_microsoft.windows.common-controls_6595b64144ccf1df_6.0.19041.4355_none_60b8b9eb71f62e16\COMCTL32.dll
0x00007fff1e8c0000 - 0x00007fff1e8e2000 	C:\Windows\System32\win32u.dll
0x00007fff1f7f0000 - 0x00007fff1f88e000 	C:\Windows\System32\msvcrt.dll
0x00007fff20a00000 - 0x00007fff20a2b000 	C:\Windows\System32\GDI32.dll
0x00007fff1e190000 - 0x00007fff1e2a7000 	C:\Windows\System32\gdi32full.dll
0x00007fff1e820000 - 0x00007fff1e8bd000 	C:\Windows\System32\msvcp_win.dll
0x00007fff1fa40000 - 0x00007fff1fa6f000 	C:\Windows\System32\IMM32.DLL
0x00007ffefdc70000 - 0x00007ffefdc7c000 	C:\Program Files\Android\Android Studio\jbr\bin\vcruntime140_1.dll
0x00007ffeeb670000 - 0x00007ffeeb6fd000 	C:\Program Files\Android\Android Studio\jbr\bin\msvcp140.dll
0x00007ffedb6b0000 - 0x00007ffedc333000 	C:\Program Files\Android\Android Studio\jbr\bin\server\jvm.dll
0x00007fff1f450000 - 0x00007fff1f501000 	C:\Windows\System32\ADVAPI32.dll
0x00007fff20960000 - 0x00007fff209ff000 	C:\Windows\System32\sechost.dll
0x00007fff1f130000 - 0x00007fff1f253000 	C:\Windows\System32\RPCRT4.dll
0x00007fff1ea50000 - 0x00007fff1ea77000 	C:\Windows\System32\bcrypt.dll
0x00007fff1d640000 - 0x00007fff1d68b000 	C:\Windows\SYSTEM32\POWRPROF.dll
0x00007ffee4a70000 - 0x00007ffee4a79000 	C:\Windows\SYSTEM32\WSOCK32.dll
0x00007fff0b5a0000 - 0x00007fff0b5c7000 	C:\Windows\SYSTEM32\WINMM.dll
0x00007fff1f6b0000 - 0x00007fff1f71b000 	C:\Windows\System32\WS2_32.dll
0x00007fff190b0000 - 0x00007fff190ba000 	C:\Windows\SYSTEM32\VERSION.dll
0x00007fff1d500000 - 0x00007fff1d512000 	C:\Windows\SYSTEM32\UMPDC.dll
0x00007fff1bcb0000 - 0x00007fff1bcc2000 	C:\Windows\SYSTEM32\kernel.appcore.dll
0x00007fff193c0000 - 0x00007fff193ca000 	C:\Program Files\Android\Android Studio\jbr\bin\jimage.dll
0x00007fff0b140000 - 0x00007fff0b324000 	C:\Windows\SYSTEM32\DBGHELP.DLL
0x00007fff0abe0000 - 0x00007fff0ac14000 	C:\Windows\SYSTEM32\dbgcore.DLL
0x00007fff1e100000 - 0x00007fff1e182000 	C:\Windows\System32\bcryptPrimitives.dll
0x00007fff053e0000 - 0x00007fff05405000 	C:\Program Files\Android\Android Studio\jbr\bin\java.dll

dbghelp: loaded successfully - version: 4.0.5 - missing functions: none
symbol engine: initialized successfully - sym options: 0x614 - pdb path: .;C:\Program Files\Android\Android Studio\jbr\bin;C:\Windows\SYSTEM32;C:\Windows\WinSxS\amd64_microsoft.windows.common-controls_6595b64144ccf1df_6.0.19041.4355_none_60b8b9eb71f62e16;C:\Program Files\Android\Android Studio\jbr\bin\server

VM Arguments:
java_command: org.jetbrains.kotlin.cli.jvm.K2JVMCompiler @C:\Users\VICTORHERNANIALBIOL\Documents\GitHub\Pokedex\app\build\20250213_13283640557938989965.compiler.options
java_class_path (initial): C:\Users\VICTORHERNANIALBIOL\.gradle\caches\modules-2\files-2.1\org.jetbrains.kotlin\kotlin-compiler-embeddable\2.1.0\988bf980588bbbcfa1ba19c1ffd7aa869b335a31\kotlin-compiler-embeddable-2.1.0.jar;C:\Users\VICTORHERNANIALBIOL\.gradle\caches\modules-2\files-2.1\org.jetbrains.kotlin\kotlin-stdlib\2.1.0\85f8b81009cda5890e54ba67d64b5e599c645020\kotlin-stdlib-2.1.0.jar;C:\Users\VICTORHERNANIALBIOL\.gradle\caches\modules-2\files-2.1\org.jetbrains.kotlin\kotlin-script-runtime\2.1.0\5909da8c57b75a117714ab0e348c86101b7a3284\kotlin-script-runtime-2.1.0.jar;C:\Users\VICTORHERNANIALBIOL\.gradle\caches\modules-2\files-2.1\org.jetbrains.kotlin\kotlin-reflect\1.6.10\1cbe9c92c12a94eea200d23c2bbaedaf3daf5132\kotlin-reflect-1.6.10.jar;C:\Users\VICTORHERNANIALBIOL\.gradle\caches\modules-2\files-2.1\org.jetbrains.kotlin\kotlin-daemon-embeddable\2.1.0\420bae1908e4a353f5b56c3c850d24d86367b25d\kotlin-daemon-embeddable-2.1.0.jar;C:\Users\VICTORHERNANIALBIOL\.gradle\caches\modules-2\files-2.1\org.jetbrains.intellij.deps\trove4j\1.0.20200330\3afb14d5f9ceb459d724e907a21145e8ff394f02\trove4j-1.0.20200330.jar;C:\Users\VICTORHERNANIALBIOL\.gradle\caches\modules-2\files-2.1\org.jetbrains.kotlinx\kotlinx-coroutines-core-jvm\1.6.4\2c997cd1c0ef33f3e751d3831929aeff1390cb30\kotlinx-coroutines-core-jvm-1.6.4.jar;C:\Users\VICTORHERNANIALBIOL\.gradle\caches\modules-2\files-2.1\org.jetbrains\annotations\13.0\919f0dfe192fb4e063e7dacadee7f8bb9a2672a9\annotations-13.0.jar
Launcher Type: SUN_STANDARD

[Global flags]
     intx CICompilerCount                          = 4                                         {product} {ergonomic}
     uint ConcGCThreads                            = 3                                         {product} {ergonomic}
     uint G1ConcRefinementThreads                  = 10                                        {product} {ergonomic}
   size_t G1HeapRegionSize                         = 2097152                                   {product} {ergonomic}
    uintx GCDrainStackTargetSize                   = 64                                        {product} {ergonomic}
   size_t InitialHeapSize                          = 266338304                                 {product} {ergonomic}
   size_t MarkStackSize                            = 4194304                                   {product} {ergonomic}
   size_t MaxHeapSize                              = 4246732800                                {product} {ergonomic}
   size_t MinHeapDeltaBytes                        = 2097152                                   {product} {ergonomic}
   size_t MinHeapSize                              = 8388608                                   {product} {ergonomic}
    uintx NonNMethodCodeHeapSize                   = 5839372                                {pd product} {ergonomic}
    uintx NonProfiledCodeHeapSize                  = 122909434                              {pd product} {ergonomic}
    uintx ProfiledCodeHeapSize                     = 122909434                              {pd product} {ergonomic}
    uintx ReservedCodeCacheSize                    = 251658240                              {pd product} {ergonomic}
     bool SegmentedCodeCache                       = true                                      {product} {ergonomic}
   size_t SoftMaxHeapSize                          = 4246732800                             {manageable} {ergonomic}
     bool UseCompressedClassPointers               = true                           {product lp64_product} {ergonomic}
     bool UseCompressedOops                        = true                           {product lp64_product} {ergonomic}
     bool UseG1GC                                  = true                                      {product} {ergonomic}
     bool UseLargePagesIndividualAllocation        = false                                  {pd product} {ergonomic}

Logging:
Log output configuration:
 #0: stdout all=warning uptime,level,tags
 #1: stderr all=off uptime,level,tags

Environment Variables:
PATH=C:\ProgramData\Oracle\Java\javapath;C:\Python312\Scripts\;C:\Python312\;C:\Windows\system32;C:\Windows;C:\Windows\System32\Wbem;C:\Windows\System32\WindowsPowerShell\v1.0\;C:\Windows\System32\OpenSSH\;C:\Program Files\nodejs\;C:\ProgramData\chocolatey\bin;C:\mongodb\bin;C:\Program Files\dotnet\;C:\Program Files (x86)\Windows Kits\10\Windows Performance Toolkit\;C:\Users\VICTORHERNANIALBIOL\AppData\Local\Microsoft\WindowsApps;C:\Users\VICTORHERNANIALBIOL\AppData\Local\Programs\Microsoft VS Code\bin;C:\Users\VICTORHERNANIALBIOL\AppData\Local\GitHubDesktop\bin
USERNAME=VICTORHERNANIALBIOL
OS=Windows_NT
PROCESSOR_IDENTIFIER=Intel64 Family 6 Model 167 Stepping 1, GenuineIntel
TMP=C:\Users\VICTOR~1\AppData\Local\Temp
TEMP=C:\Users\VICTOR~1\AppData\Local\Temp



Periodic native trim disabled

JNI global refs:
JNI global refs: 0, weak refs: 0

JNI global refs memory usage: 0, weak refs: 0

Process memory usage:
Resident Set Size: 11052K (0% of 16582264K total physical memory with 635712K free physical memory)

OOME stack traces (most recent first):
Classloader memory used:


---------------  S Y S T E M  ---------------

OS:
 Windows 10 , 64 bit Build 19041 (10.0.19041.5198)
OS uptime: 0 days 5:19 hours

CPU: total 12 (initial active 12) (6 cores per cpu, 2 threads per core) family 6 model 167 stepping 1 microcode 0x5e, cx8, cmov, fxsr, ht, mmx, 3dnowpref, sse, sse2, sse3, ssse3, sse4.1, sse4.2, popcnt, lzcnt, tsc, tscinvbit, avx, avx2, aes, erms, clmul, bmi1, bmi2, adx, avx512f, avx512dq, avx512cd, avx512bw, avx512vl, sha, fma, vzeroupper, avx512_vpopcntdq, avx512_vpclmulqdq, avx512_vaes, avx512_vnni, clflush, clflushopt, avx512_vbmi2, avx512_vbmi
Processor Information for all 12 processors :
  Max Mhz: 2592, Current Mhz: 2592, Mhz Limit: 2592

Memory: 4k page, system-wide physical 16193M (620M free)
TotalPageFile size 16193M (AvailPageFile size 7M)
current process WorkingSet (physical memory assigned to process): 10M, peak: 10M
current process commit charge ("private bytes"): 323M, peak: 327M

vm_info: OpenJDK 64-Bit Server VM (17.0.11+0--11852314) for windows-amd64 JRE (17.0.11+0--11852314), built on May 16 2024 21:29:20 by "androidbuild" with MS VC++ 16.10 / 16.11 (VS2019)

END.
