#
# There is insufficient memory for the Java Runtime Environment to continue.
# Native memory allocation (mmap) failed to map 38797312 bytes. Error detail: G1 virtual space
# Possible reasons:
#   The system is out of physical RAM or swap space
#   This process is running with CompressedOops enabled, and the Java Heap may be blocking the growth of the native heap
# Possible solutions:
#   Reduce memory load on the system
#   Increase physical memory or swap space
#   Check if swap backing store is full
#   Decrease Java heap size (-Xmx/-Xms)
#   Decrease number of Java threads
#   Decrease Java thread stack sizes (-Xss)
#   Set larger code cache with -XX:ReservedCodeCacheSize=
#   JVM is running with Unscaled Compressed Oops mode in which the Java heap is
#     placed in the first 4GB address space. The Java Heap base address is the
#     maximum limit for the native heap growth. Please use -XX:HeapBaseMinAddress
#     to set the Java Heap base and to place the Java Heap above 4GB virtual address.
# This output file may be truncated or incomplete.
#
#  Out of Memory Error (os_windows.cpp:3825), pid=15664, tid=6332
#
# JRE version: OpenJDK Runtime Environment (17.0.11) (build 17.0.11+0--11852314)
# Java VM: OpenJDK 64-Bit Server VM (17.0.11+0--11852314, mixed mode, tiered, compressed oops, compressed class ptrs, g1 gc, windows-amd64)
# No core dump will be written. Minidumps are not enabled by default on client versions of Windows
#

---------------  S U M M A R Y ------------

Command Line: --add-opens=java.base/java.util=ALL-UNNAMED --add-opens=java.base/java.lang=ALL-UNNAMED --add-opens=java.base/java.lang.invoke=ALL-UNNAMED --add-opens=java.prefs/java.util.prefs=ALL-UNNAMED --add-opens=java.base/java.nio.charset=ALL-UNNAMED --add-opens=java.base/java.net=ALL-UNNAMED --add-opens=java.base/java.util.concurrent.atomic=ALL-UNNAMED -Xmx2048m -Dfile.encoding=UTF-8 -Duser.country=ES -Duser.language=es -Duser.variant -javaagent:C:\Users\VICTORHERNANIALBIOL\.gradle\wrapper\dists\gradle-8.7-bin\bhs2wmbdwecv87pi65oeuq5iu\gradle-8.7\lib\agents\gradle-instrumentation-agent-8.7.jar org.gradle.launcher.daemon.bootstrap.GradleDaemon 8.7

Host: 11th Gen Intel(R) Core(TM) i5-11400 @ 2.60GHz, 12 cores, 15G,  Windows 10 , 64 bit Build 19041 (10.0.19041.5198)
Time: Thu Feb 13 08:54:20 2025 Hora estándar romance elapsed time: 3.796704 seconds (0d 0h 0m 3s)

---------------  T H R E A D  ---------------

Current thread (0x00000129d76f7070):  VMThread "VM Thread" [stack: 0x00000002a3500000,0x00000002a3600000] [id=6332]

Stack: [0x00000002a3500000,0x00000002a3600000]
Native frames: (J=compiled Java code, j=interpreted, Vv=VM code, C=native code)
V  [jvm.dll+0x687bb9]
V  [jvm.dll+0x84142a]
V  [jvm.dll+0x8430ae]
V  [jvm.dll+0x843713]
V  [jvm.dll+0x24a35f]
V  [jvm.dll+0x684989]
V  [jvm.dll+0x67923a]
V  [jvm.dll+0x30af0b]
V  [jvm.dll+0x3123b6]
V  [jvm.dll+0x361dfe]
V  [jvm.dll+0x36202f]
V  [jvm.dll+0x2e0d38]
V  [jvm.dll+0x2df144]
V  [jvm.dll+0x2de74c]
V  [jvm.dll+0x32305b]
V  [jvm.dll+0x847e0b]
V  [jvm.dll+0x848b42]
V  [jvm.dll+0x84905d]
V  [jvm.dll+0x849434]
V  [jvm.dll+0x849500]
V  [jvm.dll+0x7efa4a]
V  [jvm.dll+0x686a35]
C  [ucrtbase.dll+0x21bb2]
C  [KERNEL32.DLL+0x17374]
C  [ntdll.dll+0x4cc91]

VM_Operation (0x00000002a4ff40e0): G1CollectForAllocation, mode: safepoint, requested by thread 0x00000129dd350930


---------------  P R O C E S S  ---------------

Threads class SMR info:
_java_thread_list=0x00000129de92c380, length=57, elements={
0x00000129bd39d810, 0x00000129d76f9b40, 0x00000129d76fa610, 0x00000129d771d4e0,
0x00000129d7753000, 0x00000129d77538d0, 0x00000129d77561b0, 0x00000129d7756a80,
0x00000129d77580d0, 0x00000129d7769740, 0x00000129d7868fe0, 0x00000129d79eb360,
0x00000129d79ebe10, 0x00000129dd3e05b0, 0x00000129ddcb5020, 0x00000129ddcc8960,
0x00000129dd569be0, 0x00000129dd4b84c0, 0x00000129ddd10440, 0x00000129dd815c30,
0x00000129dd350930, 0x00000129dd4b4510, 0x00000129dd4b30d0, 0x00000129dd4b5950,
0x00000129dd4b4a20, 0x00000129dd4b5e60, 0x00000129dd4b35e0, 0x00000129dd4b4f30,
0x00000129dd4b6370, 0x00000129dd4b5440, 0x00000129dd4b3af0, 0x00000129dd4b6880,
0x00000129de890890, 0x00000129de8963b0, 0x00000129de8968c0, 0x00000129de894040,
0x00000129de8917c0, 0x00000129de891cd0, 0x00000129de892c00, 0x00000129de8926f0,
0x00000129de890da0, 0x00000129de894550, 0x00000129de8921e0, 0x00000129de893110,
0x00000129de893620, 0x00000129de894f70, 0x00000129de893b30, 0x00000129de894a60,
0x00000129de895480, 0x00000129de895990, 0x00000129de895ea0, 0x00000129de896dd0,
0x00000129de88fe70, 0x00000129de8972e0, 0x00000129de8977f0, 0x00000129de890380,
0x00000129e14eb8e0
}

Java Threads: ( => current thread )
  0x00000129bd39d810 JavaThread "main" [_thread_blocked, id=10388, stack(0x00000002a2f00000,0x00000002a3000000)]
  0x00000129d76f9b40 JavaThread "Reference Handler" daemon [_thread_blocked, id=10752, stack(0x00000002a3600000,0x00000002a3700000)]
  0x00000129d76fa610 JavaThread "Finalizer" daemon [_thread_blocked, id=16124, stack(0x00000002a3700000,0x00000002a3800000)]
  0x00000129d771d4e0 JavaThread "Signal Dispatcher" daemon [_thread_blocked, id=14084, stack(0x00000002a3800000,0x00000002a3900000)]
  0x00000129d7753000 JavaThread "Attach Listener" daemon [_thread_blocked, id=10204, stack(0x00000002a3900000,0x00000002a3a00000)]
  0x00000129d77538d0 JavaThread "Service Thread" daemon [_thread_blocked, id=968, stack(0x00000002a3a00000,0x00000002a3b00000)]
  0x00000129d77561b0 JavaThread "Monitor Deflation Thread" daemon [_thread_blocked, id=9960, stack(0x00000002a3b00000,0x00000002a3c00000)]
  0x00000129d7756a80 JavaThread "C2 CompilerThread0" daemon [_thread_blocked, id=10688, stack(0x00000002a3c00000,0x00000002a3d00000)]
  0x00000129d77580d0 JavaThread "C1 CompilerThread0" daemon [_thread_blocked, id=6980, stack(0x00000002a3d00000,0x00000002a3e00000)]
  0x00000129d7769740 JavaThread "Sweeper thread" daemon [_thread_blocked, id=688, stack(0x00000002a3e00000,0x00000002a3f00000)]
  0x00000129d7868fe0 JavaThread "Common-Cleaner" daemon [_thread_blocked, id=2884, stack(0x00000002a3f00000,0x00000002a4000000)]
  0x00000129d79eb360 JavaThread "Notification Thread" daemon [_thread_blocked, id=16168, stack(0x00000002a4000000,0x00000002a4100000)]
  0x00000129d79ebe10 JavaThread "C2 CompilerThread1" daemon [_thread_blocked, id=6480, stack(0x00000002a4200000,0x00000002a4300000)]
  0x00000129dd3e05b0 JavaThread "C2 CompilerThread2" daemon [_thread_blocked, id=12824, stack(0x00000002a4800000,0x00000002a4900000)]
  0x00000129ddcb5020 JavaThread "Daemon health stats" [_thread_blocked, id=8424, stack(0x00000002a4900000,0x00000002a4a00000)]
  0x00000129ddcc8960 JavaThread "Incoming local TCP Connector on port 52358" [_thread_in_native, id=8268, stack(0x00000002a4a00000,0x00000002a4b00000)]
  0x00000129dd569be0 JavaThread "Daemon periodic checks" [_thread_blocked, id=7752, stack(0x00000002a4b00000,0x00000002a4c00000)]
  0x00000129dd4b84c0 JavaThread "Daemon" [_thread_blocked, id=11696, stack(0x00000002a4c00000,0x00000002a4d00000)]
  0x00000129ddd10440 JavaThread "Handler for socket connection from /127.0.0.1:52358 to /127.0.0.1:52359" [_thread_in_native, id=10596, stack(0x00000002a4d00000,0x00000002a4e00000)]
  0x00000129dd815c30 JavaThread "Cancel handler" [_thread_blocked, id=2616, stack(0x00000002a4e00000,0x00000002a4f00000)]
  0x00000129dd350930 JavaThread "Daemon worker" [_thread_blocked, id=3576, stack(0x00000002a4f00000,0x00000002a5000000)]
  0x00000129dd4b4510 JavaThread "Asynchronous log dispatcher for DefaultDaemonConnection: socket connection from /127.0.0.1:52358 to /127.0.0.1:52359" [_thread_blocked, id=2488, stack(0x00000002a5000000,0x00000002a5100000)]
  0x00000129dd4b30d0 JavaThread "Stdin handler" [_thread_blocked, id=13336, stack(0x00000002a5100000,0x00000002a5200000)]
  0x00000129dd4b5950 JavaThread "Daemon client event forwarder" [_thread_blocked, id=15296, stack(0x00000002a5200000,0x00000002a5300000)]
  0x00000129dd4b4a20 JavaThread "Cache worker for journal cache (C:\Users\VICTORHERNANIALBIOL\.gradle\caches\journal-1)" [_thread_blocked, id=14104, stack(0x00000002a5900000,0x00000002a5a00000)]
  0x00000129dd4b5e60 JavaThread "File lock request listener" [_thread_in_native, id=3564, stack(0x00000002a5a00000,0x00000002a5b00000)]
  0x00000129dd4b35e0 JavaThread "Cache worker for file hash cache (C:\Users\VICTORHERNANIALBIOL\.gradle\caches\8.7\fileHashes)" [_thread_blocked, id=14436, stack(0x00000002a5b00000,0x00000002a5c00000)]
  0x00000129dd4b4f30 JavaThread "Cache worker for file hash cache (C:\Users\VICTORHERNANIALBIOL\Documents\GitHub\Pokedex\.gradle\8.7\fileHashes)" [_thread_blocked, id=15856, stack(0x00000002a5c00000,0x00000002a5d00000)]
  0x00000129dd4b6370 JavaThread "File watcher server" daemon [_thread_blocked, id=15060, stack(0x00000002a5d00000,0x00000002a5e00000)]
  0x00000129dd4b5440 JavaThread "File watcher consumer" daemon [_thread_blocked, id=1684, stack(0x00000002a5e00000,0x00000002a5f00000)]
  0x00000129dd4b3af0 JavaThread "Cache worker for checksums cache (C:\Users\VICTORHERNANIALBIOL\Documents\GitHub\Pokedex\.gradle\8.7\checksums)" [_thread_blocked, id=11804, stack(0x00000002a5f00000,0x00000002a6000000)]
  0x00000129dd4b6880 JavaThread "Cache worker for cache directory md-supplier (C:\Users\VICTORHERNANIALBIOL\.gradle\caches\8.7\md-supplier)" [_thread_blocked, id=1680, stack(0x00000002a6000000,0x00000002a6100000)]
  0x00000129de890890 JavaThread "Cache worker for cache directory md-rule (C:\Users\VICTORHERNANIALBIOL\.gradle\caches\8.7\md-rule)" [_thread_blocked, id=6076, stack(0x00000002a6100000,0x00000002a6200000)]
  0x00000129de8963b0 JavaThread "Cache worker for file content cache (C:\Users\VICTORHERNANIALBIOL\.gradle\caches\8.7\fileContent)" [_thread_blocked, id=9316, stack(0x00000002a6200000,0x00000002a6300000)]
  0x00000129de8968c0 JavaThread "Cache worker for Build Output Cleanup Cache (C:\Users\VICTORHERNANIALBIOL\Documents\GitHub\Pokedex\.gradle\buildOutputCleanup)" [_thread_blocked, id=9428, stack(0x00000002a6300000,0x00000002a6400000)]
  0x00000129de894040 JavaThread "Unconstrained build operations" [_thread_blocked, id=14920, stack(0x00000002a6400000,0x00000002a6500000)]
  0x00000129de8917c0 JavaThread "Unconstrained build operations Thread 2" [_thread_blocked, id=12592, stack(0x00000002a6500000,0x00000002a6600000)]
  0x00000129de891cd0 JavaThread "Unconstrained build operations Thread 3" [_thread_blocked, id=9712, stack(0x00000002a6600000,0x00000002a6700000)]
  0x00000129de892c00 JavaThread "Unconstrained build operations Thread 4" [_thread_blocked, id=7836, stack(0x00000002a6700000,0x00000002a6800000)]
  0x00000129de8926f0 JavaThread "Unconstrained build operations Thread 5" [_thread_blocked, id=9888, stack(0x00000002a6800000,0x00000002a6900000)]
  0x00000129de890da0 JavaThread "Unconstrained build operations Thread 6" [_thread_blocked, id=7500, stack(0x00000002a6900000,0x00000002a6a00000)]
  0x00000129de894550 JavaThread "Unconstrained build operations Thread 7" [_thread_blocked, id=12596, stack(0x00000002a6a00000,0x00000002a6b00000)]
  0x00000129de8921e0 JavaThread "Unconstrained build operations Thread 8" [_thread_blocked, id=5080, stack(0x00000002a6b00000,0x00000002a6c00000)]
  0x00000129de893110 JavaThread "Unconstrained build operations Thread 9" [_thread_blocked, id=10932, stack(0x00000002a6c00000,0x00000002a6d00000)]
  0x00000129de893620 JavaThread "Unconstrained build operations Thread 10" [_thread_blocked, id=10152, stack(0x00000002a6d00000,0x00000002a6e00000)]
  0x00000129de894f70 JavaThread "Unconstrained build operations Thread 11" [_thread_blocked, id=9108, stack(0x00000002a6e00000,0x00000002a6f00000)]
  0x00000129de893b30 JavaThread "Unconstrained build operations Thread 12" [_thread_blocked, id=3092, stack(0x00000002a6f00000,0x00000002a7000000)]
  0x00000129de894a60 JavaThread "Unconstrained build operations Thread 13" [_thread_blocked, id=11256, stack(0x00000002a7000000,0x00000002a7100000)]
  0x00000129de895480 JavaThread "Unconstrained build operations Thread 14" [_thread_blocked, id=2520, stack(0x00000002a7100000,0x00000002a7200000)]
  0x00000129de895990 JavaThread "Unconstrained build operations Thread 15" [_thread_blocked, id=14464, stack(0x00000002a7200000,0x00000002a7300000)]
  0x00000129de895ea0 JavaThread "Unconstrained build operations Thread 16" [_thread_blocked, id=15960, stack(0x00000002a7300000,0x00000002a7400000)]
  0x00000129de896dd0 JavaThread "Unconstrained build operations Thread 17" [_thread_blocked, id=4124, stack(0x00000002a7400000,0x00000002a7500000)]
  0x00000129de88fe70 JavaThread "Unconstrained build operations Thread 18" [_thread_blocked, id=9848, stack(0x00000002a7500000,0x00000002a7600000)]
  0x00000129de8972e0 JavaThread "Unconstrained build operations Thread 19" [_thread_blocked, id=4976, stack(0x00000002a7600000,0x00000002a7700000)]
  0x00000129de8977f0 JavaThread "Unconstrained build operations Thread 20" [_thread_blocked, id=10068, stack(0x00000002a7700000,0x00000002a7800000)]
  0x00000129de890380 JavaThread "Unconstrained build operations Thread 21" [_thread_blocked, id=10236, stack(0x00000002a7800000,0x00000002a7900000)]
  0x00000129e14eb8e0 JavaThread "Unconstrained build operations Thread 22" [_thread_blocked, id=14936, stack(0x00000002a7900000,0x00000002a7a00000)]

Other Threads:
=>0x00000129d76f7070 VMThread "VM Thread" [stack: 0x00000002a3500000,0x00000002a3600000] [id=6332]
  0x00000129d7a2d530 WatcherThread [stack: 0x00000002a4100000,0x00000002a4200000] [id=5060]
  0x00000129bd3fdf10 GCTaskThread "GC Thread#0" [stack: 0x00000002a3000000,0x00000002a3100000] [id=16376]
  0x00000129dcbfe890 GCTaskThread "GC Thread#1" [stack: 0x00000002a4300000,0x00000002a4400000] [id=4828]
  0x00000129dcbfeb50 GCTaskThread "GC Thread#2" [stack: 0x00000002a4400000,0x00000002a4500000] [id=4024]
  0x00000129dcbf9030 GCTaskThread "GC Thread#3" [stack: 0x00000002a4500000,0x00000002a4600000] [id=10648]
  0x00000129dc947780 GCTaskThread "GC Thread#4" [stack: 0x00000002a4600000,0x00000002a4700000] [id=13156]
  0x00000129dc947a40 GCTaskThread "GC Thread#5" [stack: 0x00000002a4700000,0x00000002a4800000] [id=8808]
  0x00000129de7769a0 GCTaskThread "GC Thread#6" [stack: 0x00000002a5300000,0x00000002a5400000] [id=14848]
  0x00000129de776160 GCTaskThread "GC Thread#7" [stack: 0x00000002a5400000,0x00000002a5500000] [id=12172]
  0x00000129de7774a0 GCTaskThread "GC Thread#8" [stack: 0x00000002a5500000,0x00000002a5600000] [id=5516]
  0x00000129de7766e0 GCTaskThread "GC Thread#9" [stack: 0x00000002a5600000,0x00000002a5700000] [id=12200]
  0x00000129bd40ed70 ConcurrentGCThread "G1 Main Marker" [stack: 0x00000002a3100000,0x00000002a3200000] [id=10376]
  0x00000129bd40fe40 ConcurrentGCThread "G1 Conc#0" [stack: 0x00000002a3200000,0x00000002a3300000] [id=6232]
  0x00000129de775ea0 ConcurrentGCThread "G1 Conc#1" [stack: 0x00000002a5700000,0x00000002a5800000] [id=6512]
  0x00000129de776420 ConcurrentGCThread "G1 Conc#2" [stack: 0x00000002a5800000,0x00000002a5900000] [id=11796]
  0x00000129bd45dc50 ConcurrentGCThread "G1 Refine#0" [stack: 0x00000002a3300000,0x00000002a3400000] [id=12424]
  0x00000129dedd6b20 ConcurrentGCThread "G1 Refine#1" [stack: 0x00000002a7a00000,0x00000002a7b00000] [id=8036]
  0x00000129dedd6540 ConcurrentGCThread "G1 Refine#2" [stack: 0x00000002a7b00000,0x00000002a7c00000] [id=12320]
  0x00000129bd45e590 ConcurrentGCThread "G1 Service" [stack: 0x00000002a3400000,0x00000002a3500000] [id=10908]

Threads with active compile tasks:
C2 CompilerThread0     3808 6778       4       org.objectweb.asm.SymbolTable::addConstantUtf8 (98 bytes)

VM state: at safepoint (normal execution)

VM Mutex/Monitor currently owned by a thread:  ([mutex/lock_event])
[0x00000129bd398f50] Threads_lock - owner thread: 0x00000129d76f7070
[0x00000129bd398020] Heap_lock - owner thread: 0x00000129dd350930

Heap address: 0x0000000080000000, size: 2048 MB, Compressed Oops mode: 32-bit

CDS archive(s) not mapped
Compressed class space mapped at: 0x0000000100000000-0x0000000140000000, reserved size: 1073741824
Narrow klass base: 0x0000000000000000, Narrow klass shift: 3, Narrow klass range: 0x140000000

GC Precious Log:
 CPUs: 12 total, 12 available
 Memory: 16193M
 Large Page Support: Disabled
 NUMA Support: Disabled
 Compressed Oops: Enabled (32-bit)
 Heap Region Size: 1M
 Heap Min Capacity: 8M
 Heap Initial Capacity: 254M
 Heap Max Capacity: 2G
 Pre-touch: Disabled
 Parallel Workers: 10
 Concurrent Workers: 3
 Concurrent Refinement Workers: 10
 Periodic GC: Disabled

Heap:
 garbage-first heap   total 106496K, used 60158K [0x0000000080000000, 0x0000000100000000)
  region size 1024K, 1 young (1024K), 1 survivors (1024K)
 Metaspace       used 59664K, committed 60288K, reserved 1114112K
  class space    used 8199K, committed 8512K, reserved 1048576K

Heap Regions: E=young(eden), S=young(survivor), O=old, HS=humongous(starts), HC=humongous(continues), CS=collection set, F=free, OA=open archive, CA=closed archive, TAMS=top-at-mark-start (previous, next)
|   0|0x0000000080000000, 0x0000000080100000, 0x0000000080100000|100%|HS|  |TAMS 0x0000000080100000, 0x0000000080000000| Complete 
|   1|0x0000000080100000, 0x0000000080200000, 0x0000000080200000|100%|HC|  |TAMS 0x0000000080200000, 0x0000000080100000| Complete 
|   2|0x0000000080200000, 0x0000000080300000, 0x0000000080300000|100%|HC|  |TAMS 0x0000000080300000, 0x0000000080200000| Complete 
|   3|0x0000000080300000, 0x0000000080400000, 0x0000000080400000|100%|HC|  |TAMS 0x0000000080400000, 0x0000000080300000| Complete 
|   4|0x0000000080400000, 0x0000000080500000, 0x0000000080500000|100%| O|  |TAMS 0x0000000080500000, 0x0000000080400000| Untracked 
|   5|0x0000000080500000, 0x0000000080600000, 0x0000000080600000|100%| O|  |TAMS 0x0000000080600000, 0x0000000080500000| Untracked 
|   6|0x0000000080600000, 0x0000000080700000, 0x0000000080700000|100%| O|  |TAMS 0x0000000080700000, 0x0000000080600000| Untracked 
|   7|0x0000000080700000, 0x0000000080800000, 0x0000000080800000|100%| O|  |TAMS 0x0000000080800000, 0x0000000080700000| Untracked 
|   8|0x0000000080800000, 0x0000000080900000, 0x0000000080900000|100%| O|  |TAMS 0x0000000080900000, 0x0000000080800000| Untracked 
|   9|0x0000000080900000, 0x0000000080a00000, 0x0000000080a00000|100%| O|  |TAMS 0x0000000080a00000, 0x0000000080900000| Untracked 
|  10|0x0000000080a00000, 0x0000000080a7c400, 0x0000000080b00000| 48%| O|  |TAMS 0x0000000080a7c400, 0x0000000080a00000| Untracked 
|  11|0x0000000080b00000, 0x0000000080c00000, 0x0000000080c00000|100%| O|  |TAMS 0x0000000080c00000, 0x0000000080b00000| Untracked 
|  12|0x0000000080c00000, 0x0000000080d00000, 0x0000000080d00000|100%| O|  |TAMS 0x0000000080d00000, 0x0000000080c00000| Untracked 
|  13|0x0000000080d00000, 0x0000000080e00000, 0x0000000080e00000|100%| O|  |TAMS 0x0000000080e00000, 0x0000000080d00000| Untracked 
|  14|0x0000000080e00000, 0x0000000080f00000, 0x0000000080f00000|100%| O|  |TAMS 0x0000000080f00000, 0x0000000080e00000| Untracked 
|  15|0x0000000080f00000, 0x0000000081000000, 0x0000000081000000|100%| O|  |TAMS 0x0000000081000000, 0x0000000080f00000| Untracked 
|  16|0x0000000081000000, 0x0000000081100000, 0x0000000081100000|100%| O|  |TAMS 0x0000000081100000, 0x0000000081000000| Untracked 
|  17|0x0000000081100000, 0x0000000081200000, 0x0000000081200000|100%| O|  |TAMS 0x0000000081200000, 0x0000000081100000| Untracked 
|  18|0x0000000081200000, 0x0000000081300000, 0x0000000081300000|100%| O|  |TAMS 0x0000000081300000, 0x0000000081200000| Untracked 
|  19|0x0000000081300000, 0x0000000081400000, 0x0000000081400000|100%| O|  |TAMS 0x0000000081400000, 0x0000000081300000| Untracked 
|  20|0x0000000081400000, 0x0000000081500000, 0x0000000081500000|100%| O|  |TAMS 0x0000000081500000, 0x0000000081400000| Untracked 
|  21|0x0000000081500000, 0x0000000081600000, 0x0000000081600000|100%| O|  |TAMS 0x0000000081600000, 0x0000000081500000| Untracked 
|  22|0x0000000081600000, 0x0000000081700000, 0x0000000081700000|100%| O|  |TAMS 0x0000000081700000, 0x0000000081600000| Untracked 
|  23|0x0000000081700000, 0x0000000081800000, 0x0000000081800000|100%|HS|  |TAMS 0x0000000081700000, 0x0000000081700000| Complete 
|  24|0x0000000081800000, 0x0000000081900000, 0x0000000081900000|100%| O|  |TAMS 0x0000000081900000, 0x0000000081800000| Untracked 
|  25|0x0000000081900000, 0x0000000081a00000, 0x0000000081a00000|100%| O|  |TAMS 0x0000000081a00000, 0x0000000081900000| Untracked 
|  26|0x0000000081a00000, 0x0000000081b00000, 0x0000000081b00000|100%| O|  |TAMS 0x0000000081b00000, 0x0000000081a00000| Untracked 
|  27|0x0000000081b00000, 0x0000000081c00000, 0x0000000081c00000|100%| O|  |TAMS 0x0000000081c00000, 0x0000000081b00000| Untracked 
|  28|0x0000000081c00000, 0x0000000081d00000, 0x0000000081d00000|100%| O|  |TAMS 0x0000000081d00000, 0x0000000081c00000| Untracked 
|  29|0x0000000081d00000, 0x0000000081e00000, 0x0000000081e00000|100%| O|  |TAMS 0x0000000081e00000, 0x0000000081d00000| Untracked 
|  30|0x0000000081e00000, 0x0000000081f00000, 0x0000000081f00000|100%| O|  |TAMS 0x0000000081f00000, 0x0000000081e00000| Untracked 
|  31|0x0000000081f00000, 0x0000000081f00000, 0x0000000082000000|  0%| F|  |TAMS 0x0000000081f00000, 0x0000000081f00000| Untracked 
|  32|0x0000000082000000, 0x0000000082100000, 0x0000000082100000|100%| O|  |TAMS 0x0000000082100000, 0x0000000082000000| Untracked 
|  33|0x0000000082100000, 0x0000000082200000, 0x0000000082200000|100%| O|  |TAMS 0x0000000082200000, 0x0000000082100000| Untracked 
|  34|0x0000000082200000, 0x0000000082300000, 0x0000000082300000|100%| O|  |TAMS 0x0000000082300000, 0x0000000082200000| Untracked 
|  35|0x0000000082300000, 0x0000000082400000, 0x0000000082400000|100%| O|  |TAMS 0x0000000082400000, 0x0000000082300000| Untracked 
|  36|0x0000000082400000, 0x0000000082500000, 0x0000000082500000|100%| O|  |TAMS 0x0000000082500000, 0x0000000082400000| Untracked 
|  37|0x0000000082500000, 0x0000000082600000, 0x0000000082600000|100%| O|  |TAMS 0x0000000082600000, 0x0000000082500000| Untracked 
|  38|0x0000000082600000, 0x0000000082700000, 0x0000000082700000|100%| O|  |TAMS 0x0000000082700000, 0x0000000082600000| Untracked 
|  39|0x0000000082700000, 0x0000000082800000, 0x0000000082800000|100%| O|  |TAMS 0x0000000082800000, 0x0000000082700000| Untracked 
|  40|0x0000000082800000, 0x0000000082900000, 0x0000000082900000|100%| O|  |TAMS 0x0000000082900000, 0x0000000082800000| Untracked 
|  41|0x0000000082900000, 0x0000000082a00000, 0x0000000082a00000|100%| O|  |TAMS 0x0000000082a00000, 0x0000000082900000| Untracked 
|  42|0x0000000082a00000, 0x0000000082b00000, 0x0000000082b00000|100%| O|  |TAMS 0x0000000082b00000, 0x0000000082a00000| Untracked 
|  43|0x0000000082b00000, 0x0000000082c00000, 0x0000000082c00000|100%|HS|  |TAMS 0x0000000082c00000, 0x0000000082b00000| Complete 
|  44|0x0000000082c00000, 0x0000000082d00000, 0x0000000082d00000|100%|HS|  |TAMS 0x0000000082d00000, 0x0000000082c00000| Complete 
|  45|0x0000000082d00000, 0x0000000082e00000, 0x0000000082e00000|100%|HS|  |TAMS 0x0000000082e00000, 0x0000000082d00000| Complete 
|  46|0x0000000082e00000, 0x0000000082f00000, 0x0000000082f00000|100%|HC|  |TAMS 0x0000000082f00000, 0x0000000082e00000| Complete 
|  47|0x0000000082f00000, 0x0000000083000000, 0x0000000083000000|100%|HS|  |TAMS 0x0000000083000000, 0x0000000082f00000| Complete 
|  48|0x0000000083000000, 0x0000000083100000, 0x0000000083100000|100%|HC|  |TAMS 0x0000000083100000, 0x0000000083000000| Complete 
|  49|0x0000000083100000, 0x0000000083200000, 0x0000000083200000|100%|HS|  |TAMS 0x0000000083200000, 0x0000000083100000| Complete 
|  50|0x0000000083200000, 0x0000000083300000, 0x0000000083300000|100%|HS|  |TAMS 0x0000000083300000, 0x0000000083200000| Complete 
|  51|0x0000000083300000, 0x0000000083400000, 0x0000000083400000|100%| O|  |TAMS 0x0000000083400000, 0x0000000083300000| Untracked 
|  52|0x0000000083400000, 0x0000000083500000, 0x0000000083500000|100%|HS|  |TAMS 0x0000000083500000, 0x0000000083400000| Complete 
|  53|0x0000000083500000, 0x0000000083600000, 0x0000000083600000|100%| O|  |TAMS 0x0000000083600000, 0x0000000083500000| Untracked 
|  54|0x0000000083600000, 0x0000000083700000, 0x0000000083700000|100%| O|  |TAMS 0x0000000083700000, 0x0000000083600000| Untracked 
|  55|0x0000000083700000, 0x00000000837c4c00, 0x0000000083800000| 76%| O|  |TAMS 0x0000000083700000, 0x0000000083700000| Untracked 
|  56|0x0000000083800000, 0x0000000083800000, 0x0000000083900000|  0%| F|  |TAMS 0x0000000083800000, 0x0000000083800000| Untracked 
|  57|0x0000000083900000, 0x0000000083900000, 0x0000000083a00000|  0%| F|  |TAMS 0x0000000083900000, 0x0000000083900000| Untracked 
|  58|0x0000000083a00000, 0x0000000083a00000, 0x0000000083b00000|  0%| F|  |TAMS 0x0000000083a00000, 0x0000000083a00000| Untracked 
|  59|0x0000000083b00000, 0x0000000083c00000, 0x0000000083c00000|100%| O|  |TAMS 0x0000000083c00000, 0x0000000083b00000| Untracked 
|  60|0x0000000083c00000, 0x0000000083d00000, 0x0000000083d00000|100%| O|  |TAMS 0x0000000083d00000, 0x0000000083c00000| Untracked 
|  61|0x0000000083d00000, 0x0000000083e00000, 0x0000000083e00000|100%| O|  |TAMS 0x0000000083dcc800, 0x0000000083d00000| Untracked 
|  62|0x0000000083e00000, 0x0000000083e00000, 0x0000000083f00000|  0%| F|  |TAMS 0x0000000083e00000, 0x0000000083e00000| Untracked 
|  63|0x0000000083f00000, 0x0000000083f00000, 0x0000000084000000|  0%| F|  |TAMS 0x0000000083f00000, 0x0000000083f00000| Untracked 
|  64|0x0000000084000000, 0x0000000084000000, 0x0000000084100000|  0%| F|  |TAMS 0x0000000084000000, 0x0000000084000000| Untracked 
|  65|0x0000000084100000, 0x0000000084100000, 0x0000000084200000|  0%| F|  |TAMS 0x0000000084100000, 0x0000000084100000| Untracked 
|  66|0x0000000084200000, 0x0000000084200000, 0x0000000084300000|  0%| F|  |TAMS 0x0000000084200000, 0x0000000084200000| Untracked 
|  67|0x0000000084300000, 0x0000000084300000, 0x0000000084400000|  0%| F|  |TAMS 0x0000000084300000, 0x0000000084300000| Untracked 
|  68|0x0000000084400000, 0x0000000084400000, 0x0000000084500000|  0%| F|  |TAMS 0x0000000084400000, 0x0000000084400000| Untracked 
|  69|0x0000000084500000, 0x0000000084500000, 0x0000000084600000|  0%| F|  |TAMS 0x0000000084500000, 0x0000000084500000| Untracked 
|  70|0x0000000084600000, 0x0000000084600000, 0x0000000084700000|  0%| F|  |TAMS 0x0000000084600000, 0x0000000084600000| Untracked 
|  71|0x0000000084700000, 0x0000000084700000, 0x0000000084800000|  0%| F|  |TAMS 0x0000000084700000, 0x0000000084700000| Untracked 
|  72|0x0000000084800000, 0x0000000084800000, 0x0000000084900000|  0%| F|  |TAMS 0x0000000084800000, 0x0000000084800000| Untracked 
|  73|0x0000000084900000, 0x0000000084900000, 0x0000000084a00000|  0%| F|  |TAMS 0x0000000084900000, 0x0000000084900000| Untracked 
|  74|0x0000000084a00000, 0x0000000084a00000, 0x0000000084b00000|  0%| F|  |TAMS 0x0000000084a00000, 0x0000000084a00000| Untracked 
|  75|0x0000000084b00000, 0x0000000084b00000, 0x0000000084c00000|  0%| F|  |TAMS 0x0000000084b00000, 0x0000000084b00000| Untracked 
|  76|0x0000000084c00000, 0x0000000084c00000, 0x0000000084d00000|  0%| F|  |TAMS 0x0000000084c00000, 0x0000000084c00000| Untracked 
|  77|0x0000000084d00000, 0x0000000084d00000, 0x0000000084e00000|  0%| F|  |TAMS 0x0000000084d00000, 0x0000000084d00000| Untracked 
|  78|0x0000000084e00000, 0x0000000084e00000, 0x0000000084f00000|  0%| F|  |TAMS 0x0000000084e00000, 0x0000000084e00000| Untracked 
|  79|0x0000000084f00000, 0x0000000084f00000, 0x0000000085000000|  0%| F|  |TAMS 0x0000000084f00000, 0x0000000084f00000| Untracked 
|  80|0x0000000085000000, 0x0000000085000000, 0x0000000085100000|  0%| F|  |TAMS 0x0000000085000000, 0x0000000085000000| Untracked 
|  81|0x0000000085100000, 0x0000000085100000, 0x0000000085200000|  0%| F|  |TAMS 0x0000000085100000, 0x0000000085100000| Untracked 
|  82|0x0000000085200000, 0x0000000085200000, 0x0000000085300000|  0%| F|  |TAMS 0x0000000085200000, 0x0000000085200000| Untracked 
|  83|0x0000000085300000, 0x0000000085300000, 0x0000000085400000|  0%| F|  |TAMS 0x0000000085300000, 0x0000000085300000| Untracked 
|  84|0x0000000085400000, 0x0000000085400000, 0x0000000085500000|  0%| F|  |TAMS 0x0000000085400000, 0x0000000085400000| Untracked 
|  85|0x0000000085500000, 0x0000000085500000, 0x0000000085600000|  0%| F|  |TAMS 0x0000000085500000, 0x0000000085500000| Untracked 
|  86|0x0000000085600000, 0x0000000085600000, 0x0000000085700000|  0%| F|  |TAMS 0x0000000085600000, 0x0000000085600000| Untracked 
|  87|0x0000000085700000, 0x0000000085700000, 0x0000000085800000|  0%| F|  |TAMS 0x0000000085700000, 0x0000000085700000| Untracked 
|  88|0x0000000085800000, 0x0000000085800000, 0x0000000085900000|  0%| F|  |TAMS 0x0000000085800000, 0x0000000085800000| Untracked 
|  89|0x0000000085900000, 0x0000000085900000, 0x0000000085a00000|  0%| F|  |TAMS 0x0000000085900000, 0x0000000085900000| Untracked 
|  90|0x0000000085a00000, 0x0000000085a00000, 0x0000000085b00000|  0%| F|  |TAMS 0x0000000085a00000, 0x0000000085a00000| Untracked 
|  91|0x0000000085b00000, 0x0000000085b00000, 0x0000000085c00000|  0%| F|  |TAMS 0x0000000085b00000, 0x0000000085b00000| Untracked 
|  92|0x0000000085c00000, 0x0000000085c00000, 0x0000000085d00000|  0%| F|  |TAMS 0x0000000085c00000, 0x0000000085c00000| Untracked 
| 193|0x000000008c100000, 0x000000008c100000, 0x000000008c200000|  0%| F|  |TAMS 0x000000008c100000, 0x000000008c100000| Untracked 
| 194|0x000000008c200000, 0x000000008c200000, 0x000000008c300000|  0%| F|  |TAMS 0x000000008c200000, 0x000000008c200000| Untracked 
| 195|0x000000008c300000, 0x000000008c300000, 0x000000008c400000|  0%| F|  |TAMS 0x000000008c300000, 0x000000008c300000| Untracked 
| 196|0x000000008c400000, 0x000000008c400000, 0x000000008c500000|  0%| F|  |TAMS 0x000000008c400000, 0x000000008c400000| Untracked 
| 197|0x000000008c500000, 0x000000008c500000, 0x000000008c600000|  0%| F|  |TAMS 0x000000008c500000, 0x000000008c500000| Untracked 
| 198|0x000000008c600000, 0x000000008c67ea48, 0x000000008c700000| 49%| S|CS|TAMS 0x000000008c600000, 0x000000008c600000| Complete 
| 199|0x000000008c700000, 0x000000008c700000, 0x000000008c800000|  0%| F|  |TAMS 0x000000008c700000, 0x000000008c700000| Untracked 
| 200|0x000000008c800000, 0x000000008c800000, 0x000000008c900000|  0%| F|  |TAMS 0x000000008c800000, 0x000000008c800000| Untracked 
| 201|0x000000008c900000, 0x000000008c900000, 0x000000008ca00000|  0%| F|  |TAMS 0x000000008c900000, 0x000000008c900000| Untracked 
| 253|0x000000008fd00000, 0x000000008fd00000, 0x000000008fe00000|  0%| F|  |TAMS 0x000000008fd00000, 0x000000008fd00000| Untracked 
|2047|0x00000000fff00000, 0x0000000100000000, 0x0000000100000000|100%| O|  |TAMS 0x0000000100000000, 0x00000000fff00000| Untracked 

Card table byte_map: [0x00000129d00c0000,0x00000129d04c0000] _byte_map_base: 0x00000129cfcc0000

Marking Bits (Prev, Next): (CMBitMap*) 0x00000129bd3fe440, (CMBitMap*) 0x00000129bd3fe480
 Prev Bits: [0x00000129d08c0000, 0x00000129d28c0000)
 Next Bits: [0x00000129d28c0000, 0x00000129d48c0000)

Polling page: 0x00000129bb120000

Metaspace:

Usage:
  Non-class:     50.26 MB used.
      Class:      8.01 MB used.
       Both:     58.27 MB used.

Virtual space:
  Non-class space:       64.00 MB reserved,      50.56 MB ( 79%) committed,  1 nodes.
      Class space:        1.00 GB reserved,       8.31 MB ( <1%) committed,  1 nodes.
             Both:        1.06 GB reserved,      58.88 MB (  5%) committed. 

Chunk freelists:
   Non-Class:  13.47 MB
       Class:  7.73 MB
        Both:  21.20 MB

MaxMetaspaceSize: unlimited
CompressedClassSpaceSize: 1.00 GB
Initial GC threshold: 21.00 MB
Current GC threshold: 96.19 MB
CDS: off
MetaspaceReclaimPolicy: balanced
 - commit_granule_bytes: 65536.
 - commit_granule_words: 8192.
 - virtual_space_node_default_size: 8388608.
 - enlarge_chunks_in_place: 1.
 - new_chunks_are_fully_committed: 0.
 - uncommit_free_chunks: 1.
 - use_allocation_guard: 0.
 - handle_deallocations: 1.


Internal statistics:

num_allocs_failed_limit: 6.
num_arena_births: 708.
num_arena_deaths: 0.
num_vsnodes_births: 2.
num_vsnodes_deaths: 0.
num_space_committed: 942.
num_space_uncommitted: 0.
num_chunks_returned_to_freelist: 6.
num_chunks_taken_from_freelist: 2777.
num_chunk_merges: 6.
num_chunk_splits: 1801.
num_chunks_enlarged: 1198.
num_inconsistent_stats: 0.

CodeHeap 'non-profiled nmethods': size=120000Kb used=3223Kb max_used=3223Kb free=116776Kb
 bounds [0x00000129c8350000, 0x00000129c8680000, 0x00000129cf880000]
CodeHeap 'profiled nmethods': size=120000Kb used=11024Kb max_used=11024Kb free=108975Kb
 bounds [0x00000129c0880000, 0x00000129c1350000, 0x00000129c7db0000]
CodeHeap 'non-nmethods': size=5760Kb used=1646Kb max_used=1714Kb free=4113Kb
 bounds [0x00000129c7db0000, 0x00000129c8020000, 0x00000129c8350000]
 total_blobs=6781 nmethods=6074 adapters=618
 compilation: enabled
              stopped_count=0, restarted_count=0
 full_count=0

Compilation events (20 events):
Event: 3.785 Thread 0x00000129d77580d0 6781       3       org.gradle.internal.service.DefaultServiceRegistry::get (44 bytes)
Event: 3.785 Thread 0x00000129d79ebe10 nmethod 6776 0x00000129c8671f90 code [0x00000129c8672140, 0x00000129c8672518]
Event: 3.785 Thread 0x00000129d79ebe10 6782       4       java.util.HashMap::resize (356 bytes)
Event: 3.785 Thread 0x00000129d77580d0 nmethod 6781 0x00000129c133c810 code [0x00000129c133cb20, 0x00000129c133dca8]
Event: 3.785 Thread 0x00000129d77580d0 6786   !   3       org.gradle.internal.event.DefaultListenerManager$EventBroadcast::endNotification (145 bytes)
Event: 3.786 Thread 0x00000129d77580d0 nmethod 6786 0x00000129c133e310 code [0x00000129c133e640, 0x00000129c133fd18]
Event: 3.786 Thread 0x00000129d77580d0 6784       3       org.gradle.internal.event.DefaultListenerManager$EventBroadcast::doStartNotification (48 bytes)
Event: 3.786 Thread 0x00000129d77580d0 nmethod 6784 0x00000129c1340510 code [0x00000129c1340740, 0x00000129c1341148]
Event: 3.786 Thread 0x00000129d77580d0 6783       3       org.gradle.internal.event.DefaultListenerManager$EventBroadcast::takeOwnership (45 bytes)
Event: 3.787 Thread 0x00000129d77580d0 nmethod 6783 0x00000129c1341410 code [0x00000129c13416e0, 0x00000129c1342688]
Event: 3.787 Thread 0x00000129d77580d0 6785       3       org.gradle.internal.event.DefaultListenerManager$EventBroadcast::startNotification (50 bytes)
Event: 3.787 Thread 0x00000129d77580d0 nmethod 6785 0x00000129c1342c10 code [0x00000129c1342de0, 0x00000129c13430a8]
Event: 3.787 Thread 0x00000129d77580d0 6787       3       org.gradle.internal.event.DefaultListenerManager$EventBroadcast$ListenerDispatch::dispatch (9 bytes)
Event: 3.787 Thread 0x00000129d77580d0 nmethod 6787 0x00000129c1343210 code [0x00000129c13433c0, 0x00000129c13435e8]
Event: 3.790 Thread 0x00000129dd3e05b0 nmethod 6777 0x00000129c8672a90 code [0x00000129c8672ce0, 0x00000129c8673be0]
Event: 3.793 Thread 0x00000129d79ebe10 nmethod 6782 0x00000129c8674890 code [0x00000129c8674a60, 0x00000129c86756a8]
Event: 3.795 Thread 0x00000129d77580d0 6788       3       java.lang.invoke.InvokerBytecodeGenerator::classData (170 bytes)
Event: 3.795 Thread 0x00000129d77580d0 nmethod 6788 0x00000129c1343690 code [0x00000129c1343920, 0x00000129c1344628]
Event: 3.795 Thread 0x00000129d77580d0 6789       1       com.android.build.gradle.options.Stage::getStatus (5 bytes)
Event: 3.795 Thread 0x00000129d77580d0 nmethod 6789 0x00000129c8675a10 code [0x00000129c8675ba0, 0x00000129c8675c78]

GC Heap History (20 events):
Event: 2.904 GC heap after
{Heap after GC invocations=14 (full 0):
 garbage-first heap   total 71680K, used 34831K [0x0000000080000000, 0x0000000100000000)
  region size 1024K, 3 young (3072K), 3 survivors (3072K)
 Metaspace       used 51182K, committed 51648K, reserved 1114112K
  class space    used 7073K, committed 7296K, reserved 1048576K
}
Event: 2.977 GC heap before
{Heap before GC invocations=15 (full 0):
 garbage-first heap   total 71680K, used 44047K [0x0000000080000000, 0x0000000100000000)
  region size 1024K, 14 young (14336K), 3 survivors (3072K)
 Metaspace       used 52314K, committed 52800K, reserved 1114112K
  class space    used 7274K, committed 7488K, reserved 1048576K
}
Event: 2.978 GC heap after
{Heap after GC invocations=16 (full 0):
 garbage-first heap   total 71680K, used 35744K [0x0000000080000000, 0x0000000100000000)
  region size 1024K, 3 young (3072K), 3 survivors (3072K)
 Metaspace       used 52314K, committed 52800K, reserved 1114112K
  class space    used 7274K, committed 7488K, reserved 1048576K
}
Event: 3.188 GC heap before
{Heap before GC invocations=17 (full 0):
 garbage-first heap   total 71680K, used 59296K [0x0000000080000000, 0x0000000100000000)
  region size 1024K, 24 young (24576K), 3 survivors (3072K)
 Metaspace       used 55363K, committed 55936K, reserved 1114112K
  class space    used 7637K, committed 7936K, reserved 1048576K
}
Event: 3.190 GC heap after
{Heap after GC invocations=18 (full 0):
 garbage-first heap   total 86016K, used 36809K [0x0000000080000000, 0x0000000100000000)
  region size 1024K, 2 young (2048K), 2 survivors (2048K)
 Metaspace       used 55363K, committed 55936K, reserved 1114112K
  class space    used 7637K, committed 7936K, reserved 1048576K
}
Event: 3.416 GC heap before
{Heap before GC invocations=18 (full 0):
 garbage-first heap   total 86016K, used 68553K [0x0000000080000000, 0x0000000100000000)
  region size 1024K, 34 young (34816K), 2 survivors (2048K)
 Metaspace       used 56370K, committed 56896K, reserved 1114112K
  class space    used 7758K, committed 8000K, reserved 1048576K
}
Event: 3.418 GC heap after
{Heap after GC invocations=19 (full 0):
 garbage-first heap   total 86016K, used 41702K [0x0000000080000000, 0x0000000100000000)
  region size 1024K, 5 young (5120K), 5 survivors (5120K)
 Metaspace       used 56370K, committed 56896K, reserved 1114112K
  class space    used 7758K, committed 8000K, reserved 1048576K
}
Event: 3.509 GC heap before
{Heap before GC invocations=19 (full 0):
 garbage-first heap   total 86016K, used 66278K [0x0000000080000000, 0x0000000100000000)
  region size 1024K, 30 young (30720K), 5 survivors (5120K)
 Metaspace       used 56723K, committed 57216K, reserved 1114112K
  class space    used 7793K, committed 8064K, reserved 1048576K
}
Event: 3.512 GC heap after
{Heap after GC invocations=20 (full 0):
 garbage-first heap   total 86016K, used 43411K [0x0000000080000000, 0x0000000100000000)
  region size 1024K, 4 young (4096K), 4 survivors (4096K)
 Metaspace       used 56723K, committed 57216K, reserved 1114112K
  class space    used 7793K, committed 8064K, reserved 1048576K
}
Event: 3.521 GC heap before
{Heap before GC invocations=20 (full 0):
 garbage-first heap   total 86016K, used 43411K [0x0000000080000000, 0x0000000100000000)
  region size 1024K, 5 young (5120K), 4 survivors (4096K)
 Metaspace       used 56770K, committed 57344K, reserved 1114112K
  class space    used 7797K, committed 8064K, reserved 1048576K
}
Event: 3.522 GC heap after
{Heap after GC invocations=21 (full 0):
 garbage-first heap   total 86016K, used 43970K [0x0000000080000000, 0x0000000100000000)
  region size 1024K, 1 young (1024K), 1 survivors (1024K)
 Metaspace       used 56770K, committed 57344K, reserved 1114112K
  class space    used 7797K, committed 8064K, reserved 1048576K
}
Event: 3.671 GC heap before
{Heap before GC invocations=22 (full 0):
 garbage-first heap   total 86016K, used 77762K [0x0000000080000000, 0x0000000100000000)
  region size 1024K, 25 young (25600K), 1 survivors (1024K)
 Metaspace       used 58140K, committed 58688K, reserved 1114112K
  class space    used 8003K, committed 8256K, reserved 1048576K
}
Event: 3.672 GC heap after
{Heap after GC invocations=23 (full 0):
 garbage-first heap   total 87040K, used 59549K [0x0000000080000000, 0x0000000100000000)
  region size 1024K, 4 young (4096K), 4 survivors (4096K)
 Metaspace       used 58140K, committed 58688K, reserved 1114112K
  class space    used 8003K, committed 8256K, reserved 1048576K
}
Event: 3.678 GC heap before
{Heap before GC invocations=23 (full 0):
 garbage-first heap   total 87040K, used 59549K [0x0000000080000000, 0x0000000100000000)
  region size 1024K, 5 young (5120K), 4 survivors (4096K)
 Metaspace       used 58198K, committed 58752K, reserved 1114112K
  class space    used 8010K, committed 8256K, reserved 1048576K
}
Event: 3.679 GC heap after
{Heap after GC invocations=24 (full 0):
 garbage-first heap   total 87040K, used 58847K [0x0000000080000000, 0x0000000100000000)
  region size 1024K, 1 young (1024K), 1 survivors (1024K)
 Metaspace       used 58198K, committed 58752K, reserved 1114112K
  class space    used 8010K, committed 8256K, reserved 1048576K
}
Event: 3.694 GC heap before
{Heap before GC invocations=24 (full 0):
 garbage-first heap   total 87040K, used 60895K [0x0000000080000000, 0x0000000100000000)
  region size 1024K, 5 young (5120K), 1 survivors (1024K)
 Metaspace       used 58385K, committed 59008K, reserved 1114112K
  class space    used 8025K, committed 8320K, reserved 1048576K
}
Event: 3.695 GC heap after
{Heap after GC invocations=25 (full 0):
 garbage-first heap   total 87040K, used 59279K [0x0000000080000000, 0x0000000100000000)
  region size 1024K, 1 young (1024K), 1 survivors (1024K)
 Metaspace       used 58385K, committed 59008K, reserved 1114112K
  class space    used 8025K, committed 8320K, reserved 1048576K
}
Event: 3.772 GC heap before
{Heap before GC invocations=26 (full 0):
 garbage-first heap   total 106496K, used 71567K [0x0000000080000000, 0x0000000100000000)
  region size 1024K, 13 young (13312K), 1 survivors (1024K)
 Metaspace       used 59353K, committed 59968K, reserved 1114112K
  class space    used 8148K, committed 8448K, reserved 1048576K
}
Event: 3.772 GC heap after
{Heap after GC invocations=27 (full 0):
 garbage-first heap   total 106496K, used 60650K [0x0000000080000000, 0x0000000100000000)
  region size 1024K, 1 young (1024K), 1 survivors (1024K)
 Metaspace       used 59353K, committed 59968K, reserved 1114112K
  class space    used 8148K, committed 8448K, reserved 1048576K
}
Event: 3.795 GC heap before
{Heap before GC invocations=27 (full 0):
 garbage-first heap   total 106496K, used 63722K [0x0000000080000000, 0x0000000100000000)
  region size 1024K, 5 young (5120K), 1 survivors (1024K)
 Metaspace       used 59664K, committed 60288K, reserved 1114112K
  class space    used 8199K, committed 8512K, reserved 1048576K
}

Dll operation events (3 events):
Event: 0.004 Loaded shared library C:\Program Files\Android\Android Studio\jbr\bin\java.dll
Event: 0.077 Loaded shared library C:\Program Files\Android\Android Studio\jbr\bin\zip.dll
Event: 0.240 Loaded shared library C:\Program Files\Android\Android Studio\jbr\bin\verify.dll

Deoptimization events (20 events):
Event: 3.645 Thread 0x00000129dd350930 DEOPT PACKING pc=0x00000129c83f991c sp=0x00000002a4ff6a90
Event: 3.645 Thread 0x00000129dd350930 DEOPT UNPACKING pc=0x00000129c7e0a1a3 sp=0x00000002a4ff6a10 mode 2
Event: 3.646 Thread 0x00000129dd350930 Uncommon trap: trap_request=0xffffffde fr.pc=0x00000129c85947b0 relative=0x00000000000008b0
Event: 3.646 Thread 0x00000129dd350930 Uncommon trap: reason=class_check action=maybe_recompile pc=0x00000129c85947b0 method=java.io.BufferedInputStream.read1([BII)I @ 39 c2
Event: 3.646 Thread 0x00000129dd350930 DEOPT PACKING pc=0x00000129c85947b0 sp=0x00000002a4ff6c60
Event: 3.646 Thread 0x00000129dd350930 DEOPT UNPACKING pc=0x00000129c7e0a1a3 sp=0x00000002a4ff6b78 mode 2
Event: 3.646 Thread 0x00000129dd350930 Uncommon trap: trap_request=0xffffffde fr.pc=0x00000129c85947b0 relative=0x00000000000008b0
Event: 3.646 Thread 0x00000129dd350930 Uncommon trap: reason=class_check action=maybe_recompile pc=0x00000129c85947b0 method=java.io.BufferedInputStream.read1([BII)I @ 39 c2
Event: 3.646 Thread 0x00000129dd350930 DEOPT PACKING pc=0x00000129c85947b0 sp=0x00000002a4ff6c60
Event: 3.646 Thread 0x00000129dd350930 DEOPT UNPACKING pc=0x00000129c7e0a1a3 sp=0x00000002a4ff6b78 mode 2
Event: 3.646 Thread 0x00000129dd350930 Uncommon trap: trap_request=0xffffffde fr.pc=0x00000129c85947b0 relative=0x00000000000008b0
Event: 3.646 Thread 0x00000129dd350930 Uncommon trap: reason=class_check action=maybe_recompile pc=0x00000129c85947b0 method=java.io.BufferedInputStream.read1([BII)I @ 39 c2
Event: 3.646 Thread 0x00000129dd350930 DEOPT PACKING pc=0x00000129c85947b0 sp=0x00000002a4ff6c60
Event: 3.646 Thread 0x00000129dd350930 DEOPT UNPACKING pc=0x00000129c7e0a1a3 sp=0x00000002a4ff6b78 mode 2
Event: 3.681 Thread 0x00000129dd350930 Uncommon trap: trap_request=0xffffffde fr.pc=0x00000129c83f991c relative=0x000000000000287c
Event: 3.681 Thread 0x00000129dd350930 Uncommon trap: reason=class_check action=maybe_recompile pc=0x00000129c83f991c method=java.util.jar.JarFile.getManifestFromReference()Ljava/util/jar/Manifest; @ 152 c2
Event: 3.681 Thread 0x00000129dd350930 DEOPT PACKING pc=0x00000129c83f991c sp=0x00000002a4ff6360
Event: 3.681 Thread 0x00000129dd350930 DEOPT UNPACKING pc=0x00000129c7e0a1a3 sp=0x00000002a4ff62e0 mode 2
Event: 3.713 Thread 0x00000129dd350930 DEOPT PACKING pc=0x00000129c12f6f71 sp=0x00000002a4ff41a0
Event: 3.713 Thread 0x00000129dd350930 DEOPT UNPACKING pc=0x00000129c7e0ace3 sp=0x00000002a4ff36b0 mode 0

Classes unloaded (0 events):
No events

Classes redefined (0 events):
No events

Internal exceptions (20 events):
Event: 3.149 Thread 0x00000129dd350930 Exception <a 'java/lang/NoSuchMethodError'{0x00000000831e42f8}: 'java.lang.Object java.lang.invoke.DirectMethodHandle$Holder.invokeSpecial(java.lang.Object, java.lang.Object, java.lang.Object, java.lang.Object, java.lang.Object, long)'> (0x00000000831e42f8) 
thrown [s\src\hotspot\share\interpreter\linkResolver.cpp, line 771]
Event: 3.150 Thread 0x00000129dd350930 Exception <a 'java/lang/NoSuchMethodError'{0x0000000083007e58}: 'void java.lang.invoke.DirectMethodHandle$Holder.invokeStatic(java.lang.Object, java.lang.Object, java.lang.Object, int, java.lang.Object)'> (0x0000000083007e58) 
thrown [s\src\hotspot\share\interpreter\linkResolver.cpp, line 771]
Event: 3.367 Thread 0x00000129dd350930 Exception <a 'java/lang/NoSuchMethodError'{0x00000000842921d0}: 'java.lang.Object java.lang.invoke.DirectMethodHandle$Holder.newInvokeSpecial(java.lang.Object, java.lang.Object, java.lang.Object, java.lang.Object, int, java.lang.Object)'> (0x00000000842921d0) 
thrown [s\src\hotspot\share\interpreter\linkResolver.cpp, line 771]
Event: 3.367 Thread 0x00000129dd350930 Exception <a 'java/lang/NoSuchMethodError'{0x0000000084297528}: 'java.lang.Object java.lang.invoke.Invokers$Holder.linkToTargetMethod(java.lang.Object, java.lang.Object, java.lang.Object, int, java.lang.Object, java.lang.Object)'> (0x0000000084297528) 
thrown [s\src\hotspot\share\interpreter\linkResolver.cpp, line 771]
Event: 3.476 Thread 0x00000129dd350930 Exception <a 'java/lang/NoSuchMethodError'{0x00000000840a8d88}: 'long java.lang.invoke.DirectMethodHandle$Holder.invokeVirtual(java.lang.Object, java.lang.Object)'> (0x00000000840a8d88) 
thrown [s\src\hotspot\share\interpreter\linkResolver.cpp, line 771]
Event: 3.479 Thread 0x00000129dd4b5950 Exception <a 'java/lang/NoSuchMethodError'{0x00000000840dd868}: static Lorg/gradle/internal/build/event/types/DefaultOperationFinishedProgressEvent;.<clinit>()V> (0x00000000840dd868) 
thrown [s\src\hotspot\share\prims\jni.cpp, line 1127]
Event: 3.480 Thread 0x00000129dd4b5950 Exception <a 'java/lang/NoSuchMethodError'{0x0000000083f6b4b8}: static Lorg/gradle/internal/build/event/types/DefaultProjectConfigurationSuccessResult;.<clinit>()V> (0x0000000083f6b4b8) 
thrown [s\src\hotspot\share\prims\jni.cpp, line 1127]
Event: 3.481 Thread 0x00000129dd4b5950 Exception <a 'java/lang/NoSuchMethodError'{0x0000000083f6fe98}: static Lorg/gradle/internal/build/event/types/AbstractProjectConfigurationResult;.<clinit>()V> (0x0000000083f6fe98) 
thrown [s\src\hotspot\share\prims\jni.cpp, line 1127]
Event: 3.481 Thread 0x00000129dd4b5950 Exception <a 'java/lang/NoSuchMethodError'{0x0000000083f715e0}: static Lorg/gradle/internal/build/event/types/AbstractOperationResult;.<clinit>()V> (0x0000000083f715e0) 
thrown [s\src\hotspot\share\prims\jni.cpp, line 1127]
Event: 3.481 Thread 0x00000129dd4b5950 Exception <a 'java/lang/NoSuchMethodError'{0x0000000083f72a30}: static Lorg/gradle/internal/build/event/types/AbstractResult;.<clinit>()V> (0x0000000083f72a30) 
thrown [s\src\hotspot\share\prims\jni.cpp, line 1127]
Event: 3.482 Thread 0x00000129dd4b5950 Exception <a 'java/lang/NoSuchMethodError'{0x0000000083f8b958}: static Lorg/gradle/internal/build/event/types/DefaultPluginApplicationResult;.<clinit>()V> (0x0000000083f8b958) 
thrown [s\src\hotspot\share\prims\jni.cpp, line 1127]
Event: 3.482 Thread 0x00000129dd4b5950 Exception <a 'java/lang/NoSuchMethodError'{0x0000000083f98348}: static Lorg/gradle/internal/build/event/types/DefaultBinaryPluginIdentifier;.<clinit>()V> (0x0000000083f98348) 
thrown [s\src\hotspot\share\prims\jni.cpp, line 1127]
Event: 3.483 Thread 0x00000129dd4b5950 Exception <a 'java/lang/NoSuchMethodError'{0x0000000083fb23a8}: static Lorg/gradle/internal/build/event/types/DefaultScriptPluginIdentifier;.<clinit>()V> (0x0000000083fb23a8) 
thrown [s\src\hotspot\share\prims\jni.cpp, line 1127]
Event: 3.514 Thread 0x00000129dd350930 Implicit null exception at 0x00000129c8509092 to 0x00000129c85096f8
Event: 3.514 Thread 0x00000129dd350930 Implicit null exception at 0x00000129c850f094 to 0x00000129c850f70c
Event: 3.553 Thread 0x00000129dd350930 Exception <a 'java/lang/NoSuchMethodError'{0x000000008c7fdde8}: 'void java.lang.invoke.Invokers$Holder.invoke_MT(java.lang.Object, java.lang.Object, java.lang.Object, java.lang.Object)'> (0x000000008c7fdde8) 
thrown [s\src\hotspot\share\interpreter\linkResolver.cpp, line 771]
Event: 3.557 Thread 0x00000129dd350930 Exception <a 'java/lang/NoSuchMethodError'{0x000000008c67da78}: 'java.lang.Object java.lang.invoke.DirectMethodHandle$Holder.invokeSpecial(java.lang.Object, java.lang.Object, java.lang.Object, int, java.lang.Object, java.lang.Object)'> (0x000000008c67da78) 
thrown [s\src\hotspot\share\interpreter\linkResolver.cpp, line 771]
Event: 3.593 Thread 0x00000129dd350930 Exception <a 'java/lang/ClassNotFoundException'{0x00000000847c9b30}: sun/misc/SharedSecrets> (0x00000000847c9b30) 
thrown [s\src\hotspot\share\classfile\systemDictionary.cpp, line 256]
Event: 3.593 Thread 0x00000129dd350930 Exception <a 'java/lang/ClassNotFoundException'{0x00000000847cb108}: org/gradle/api/internal/plugins/DefaultObjectConfigurationActionBeanInfo> (0x00000000847cb108) 
thrown [s\src\hotspot\share\classfile\systemDictionary.cpp, line 256]
Event: 3.594 Thread 0x00000129dd350930 Exception <a 'java/lang/ClassNotFoundException'{0x00000000847e1838}: org/gradle/api/internal/plugins/DefaultObjectConfigurationActionCustomizer> (0x00000000847e1838) 
thrown [s\src\hotspot\share\classfile\systemDictionary.cpp, line 256]

VM Operations (20 events):
Event: 3.512 Executing VM operation: G1CollectForAllocation done
Event: 3.521 Executing VM operation: G1TryInitiateConcMark
Event: 3.522 Executing VM operation: G1TryInitiateConcMark done
Event: 3.535 Executing VM operation: G1PauseRemark
Event: 3.537 Executing VM operation: G1PauseRemark done
Event: 3.544 Executing VM operation: G1PauseCleanup
Event: 3.544 Executing VM operation: G1PauseCleanup done
Event: 3.670 Executing VM operation: G1CollectForAllocation
Event: 3.672 Executing VM operation: G1CollectForAllocation done
Event: 3.678 Executing VM operation: G1CollectForAllocation
Event: 3.679 Executing VM operation: G1CollectForAllocation done
Event: 3.694 Executing VM operation: G1TryInitiateConcMark
Event: 3.695 Executing VM operation: G1TryInitiateConcMark done
Event: 3.707 Executing VM operation: G1PauseRemark
Event: 3.708 Executing VM operation: G1PauseRemark done
Event: 3.715 Executing VM operation: G1PauseCleanup
Event: 3.715 Executing VM operation: G1PauseCleanup done
Event: 3.772 Executing VM operation: G1CollectForAllocation
Event: 3.772 Executing VM operation: G1CollectForAllocation done
Event: 3.795 Executing VM operation: G1CollectForAllocation

Events (20 events):
Event: 3.380 Thread 0x00000129de895990 Thread added: 0x00000129de895990
Event: 3.381 Thread 0x00000129de895ea0 Thread added: 0x00000129de895ea0
Event: 3.382 Thread 0x00000129de896dd0 Thread added: 0x00000129de896dd0
Event: 3.383 Thread 0x00000129de88fe70 Thread added: 0x00000129de88fe70
Event: 3.384 Thread 0x00000129de8972e0 Thread added: 0x00000129de8972e0
Event: 3.385 Thread 0x00000129de8977f0 Thread added: 0x00000129de8977f0
Event: 3.387 Thread 0x00000129de890380 Thread added: 0x00000129de890380
Event: 3.388 Thread 0x00000129e14eb8e0 Thread added: 0x00000129e14eb8e0
Event: 3.477 loading class java/util/stream/SortedOps$RefSortingSink
Event: 3.477 loading class java/util/stream/SortedOps$RefSortingSink done
Event: 3.483 loading class java/time/Ser
Event: 3.483 loading class java/time/Ser done
Event: 3.556 loading class java/lang/ProcessBuilder
Event: 3.556 loading class java/lang/ProcessBuilder done
Event: 3.593 loading class sun/misc/SharedSecrets
Event: 3.593 loading class sun/misc/SharedSecrets done
Event: 3.594 loading class jdk/internal/reflect/UnsafeObjectFieldAccessorImpl
Event: 3.595 loading class jdk/internal/reflect/UnsafeObjectFieldAccessorImpl done
Event: 3.740 loading class java/util/regex/Pattern$1
Event: 3.740 loading class java/util/regex/Pattern$1 done


Dynamic libraries:
0x00007ff7c2930000 - 0x00007ff7c293a000 	C:\Program Files\Android\Android Studio\jbr\bin\java.exe
0x00007fff659b0000 - 0x00007fff65ba8000 	C:\Windows\SYSTEM32\ntdll.dll
0x00007fff64730000 - 0x00007fff647f2000 	C:\Windows\System32\KERNEL32.DLL
0x00007fff63200000 - 0x00007fff634ff000 	C:\Windows\System32\KERNELBASE.dll
0x00007fff635d0000 - 0x00007fff636d0000 	C:\Windows\System32\ucrtbase.dll
0x00007fff4a940000 - 0x00007fff4a957000 	C:\Program Files\Android\Android Studio\jbr\bin\jli.dll
0x00007fff5e900000 - 0x00007fff5e91b000 	C:\Program Files\Android\Android Studio\jbr\bin\VCRUNTIME140.dll
0x00007fff64460000 - 0x00007fff645fd000 	C:\Windows\System32\USER32.dll
0x00007fff47d70000 - 0x00007fff4800a000 	C:\Windows\WinSxS\amd64_microsoft.windows.common-controls_6595b64144ccf1df_6.0.19041.4355_none_60b8b9eb71f62e16\COMCTL32.dll
0x00007fff635a0000 - 0x00007fff635c2000 	C:\Windows\System32\win32u.dll
0x00007fff658d0000 - 0x00007fff6596e000 	C:\Windows\System32\msvcrt.dll
0x00007fff65190000 - 0x00007fff651bb000 	C:\Windows\System32\GDI32.dll
0x00007fff63070000 - 0x00007fff63187000 	C:\Windows\System32\gdi32full.dll
0x00007fff63500000 - 0x00007fff6359d000 	C:\Windows\System32\msvcp_win.dll
0x00007fff639d0000 - 0x00007fff639ff000 	C:\Windows\System32\IMM32.DLL
0x00007fff5dd20000 - 0x00007fff5dd2c000 	C:\Program Files\Android\Android Studio\jbr\bin\vcruntime140_1.dll
0x00007fff5dc90000 - 0x00007fff5dd1d000 	C:\Program Files\Android\Android Studio\jbr\bin\msvcp140.dll
0x00007fff2b6a0000 - 0x00007fff2c323000 	C:\Program Files\Android\Android Studio\jbr\bin\server\jvm.dll
0x00007fff64330000 - 0x00007fff643e1000 	C:\Windows\System32\ADVAPI32.dll
0x00007fff655e0000 - 0x00007fff6567f000 	C:\Windows\System32\sechost.dll
0x00007fff657a0000 - 0x00007fff658c3000 	C:\Windows\System32\RPCRT4.dll
0x00007fff63040000 - 0x00007fff63067000 	C:\Windows\System32\bcrypt.dll
0x00007fff62580000 - 0x00007fff625cb000 	C:\Windows\SYSTEM32\POWRPROF.dll
0x00007fff2c330000 - 0x00007fff2c339000 	C:\Windows\SYSTEM32\WSOCK32.dll
0x00007fff507b0000 - 0x00007fff507d7000 	C:\Windows\SYSTEM32\WINMM.dll
0x00007fff5e1c0000 - 0x00007fff5e1ca000 	C:\Windows\SYSTEM32\VERSION.dll
0x00007fff643f0000 - 0x00007fff6445b000 	C:\Windows\System32\WS2_32.dll
0x00007fff62440000 - 0x00007fff62452000 	C:\Windows\SYSTEM32\UMPDC.dll
0x00007fff60bf0000 - 0x00007fff60c02000 	C:\Windows\SYSTEM32\kernel.appcore.dll
0x00007fff5e8f0000 - 0x00007fff5e8fa000 	C:\Program Files\Android\Android Studio\jbr\bin\jimage.dll
0x00007fff505c0000 - 0x00007fff507a4000 	C:\Windows\SYSTEM32\DBGHELP.DLL
0x00007fff4f760000 - 0x00007fff4f794000 	C:\Windows\SYSTEM32\dbgcore.DLL
0x00007fff63720000 - 0x00007fff637a2000 	C:\Windows\System32\bcryptPrimitives.dll
0x00007fff5b290000 - 0x00007fff5b29e000 	C:\Program Files\Android\Android Studio\jbr\bin\instrument.dll
0x00007fff5dbe0000 - 0x00007fff5dc05000 	C:\Program Files\Android\Android Studio\jbr\bin\java.dll
0x00007fff5cad0000 - 0x00007fff5cae8000 	C:\Program Files\Android\Android Studio\jbr\bin\zip.dll
0x00007fff63a10000 - 0x00007fff6417e000 	C:\Windows\System32\SHELL32.dll
0x00007fff60df0000 - 0x00007fff61594000 	C:\Windows\SYSTEM32\windows.storage.dll
0x00007fff649b0000 - 0x00007fff64d05000 	C:\Windows\System32\combase.dll
0x00007fff62a70000 - 0x00007fff62a9f000 	C:\Windows\SYSTEM32\Wldp.dll
0x00007fff65400000 - 0x00007fff654cd000 	C:\Windows\System32\OLEAUT32.dll
0x00007fff651c0000 - 0x00007fff6526d000 	C:\Windows\System32\SHCORE.dll
0x00007fff64800000 - 0x00007fff64855000 	C:\Windows\System32\shlwapi.dll
0x00007fff62f70000 - 0x00007fff62f94000 	C:\Windows\SYSTEM32\profapi.dll
0x00007fff5bb50000 - 0x00007fff5bb69000 	C:\Program Files\Android\Android Studio\jbr\bin\net.dll
0x00007fff62000000 - 0x00007fff6210d000 	C:\Windows\SYSTEM32\WINHTTP.dll
0x00007fff627d0000 - 0x00007fff6283a000 	C:\Windows\system32\mswsock.dll
0x00007fff5b160000 - 0x00007fff5b176000 	C:\Program Files\Android\Android Studio\jbr\bin\nio.dll
0x00007fff5b770000 - 0x00007fff5b780000 	C:\Program Files\Android\Android Studio\jbr\bin\verify.dll
0x00007fff4a9f0000 - 0x00007fff4aa17000 	C:\Users\VICTORHERNANIALBIOL\.gradle\native\c067742578af261105cb4f569cf0c3c89f3d7b1fecec35dd04571415982c5e48\windows-amd64\native-platform.dll
0x00007fff427e0000 - 0x00007fff42924000 	C:\Users\VICTORHERNANIALBIOL\.gradle\native\38dada09dfb8b06ba9b0570ebf7e218e3eb74d4ef43ca46872605cf95ebc2f47\windows-amd64\native-platform-file-events.dll
0x00007fff5bbe0000 - 0x00007fff5bbe9000 	C:\Program Files\Android\Android Studio\jbr\bin\management.dll
0x00007fff5bb40000 - 0x00007fff5bb4b000 	C:\Program Files\Android\Android Studio\jbr\bin\management_ext.dll
0x00007fff639c0000 - 0x00007fff639c8000 	C:\Windows\System32\PSAPI.DLL
0x00007fff629c0000 - 0x00007fff629d8000 	C:\Windows\SYSTEM32\CRYPTSP.dll
0x00007fff61f70000 - 0x00007fff61fa4000 	C:\Windows\system32\rsaenh.dll
0x00007fff62f30000 - 0x00007fff62f5e000 	C:\Windows\SYSTEM32\USERENV.dll
0x00007fff629e0000 - 0x00007fff629ec000 	C:\Windows\SYSTEM32\CRYPTBASE.dll
0x00007fff62460000 - 0x00007fff6249b000 	C:\Windows\SYSTEM32\IPHLPAPI.DLL
0x00007fff63a00000 - 0x00007fff63a08000 	C:\Windows\System32\NSI.dll
0x00007fff5cf60000 - 0x00007fff5cf77000 	C:\Windows\SYSTEM32\dhcpcsvc6.DLL
0x00007fff5d830000 - 0x00007fff5d84d000 	C:\Windows\SYSTEM32\dhcpcsvc.DLL
0x00007fff624b0000 - 0x00007fff6257a000 	C:\Windows\SYSTEM32\DNSAPI.dll
0x00007fff5cac0000 - 0x00007fff5cac9000 	C:\Program Files\Android\Android Studio\jbr\bin\extnet.dll
0x00007fff5e8c0000 - 0x00007fff5e8c7000 	C:\Windows\system32\wshunix.dll

dbghelp: loaded successfully - version: 4.0.5 - missing functions: none
symbol engine: initialized successfully - sym options: 0x614 - pdb path: .;C:\Program Files\Android\Android Studio\jbr\bin;C:\Windows\SYSTEM32;C:\Windows\WinSxS\amd64_microsoft.windows.common-controls_6595b64144ccf1df_6.0.19041.4355_none_60b8b9eb71f62e16;C:\Program Files\Android\Android Studio\jbr\bin\server;C:\Users\VICTORHERNANIALBIOL\.gradle\native\c067742578af261105cb4f569cf0c3c89f3d7b1fecec35dd04571415982c5e48\windows-amd64;C:\Users\VICTORHERNANIALBIOL\.gradle\native\38dada09dfb8b06ba9b0570ebf7e218e3eb74d4ef43ca46872605cf95ebc2f47\windows-amd64

VM Arguments:
jvm_args: --add-opens=java.base/java.util=ALL-UNNAMED --add-opens=java.base/java.lang=ALL-UNNAMED --add-opens=java.base/java.lang.invoke=ALL-UNNAMED --add-opens=java.prefs/java.util.prefs=ALL-UNNAMED --add-opens=java.base/java.nio.charset=ALL-UNNAMED --add-opens=java.base/java.net=ALL-UNNAMED --add-opens=java.base/java.util.concurrent.atomic=ALL-UNNAMED -Xmx2048m -Dfile.encoding=UTF-8 -Duser.country=ES -Duser.language=es -Duser.variant -javaagent:C:\Users\VICTORHERNANIALBIOL\.gradle\wrapper\dists\gradle-8.7-bin\bhs2wmbdwecv87pi65oeuq5iu\gradle-8.7\lib\agents\gradle-instrumentation-agent-8.7.jar 
java_command: org.gradle.launcher.daemon.bootstrap.GradleDaemon 8.7
java_class_path (initial): C:\Users\VICTORHERNANIALBIOL\.gradle\wrapper\dists\gradle-8.7-bin\bhs2wmbdwecv87pi65oeuq5iu\gradle-8.7\lib\gradle-launcher-8.7.jar
Launcher Type: SUN_STANDARD

[Global flags]
     intx CICompilerCount                          = 4                                         {product} {ergonomic}
     uint ConcGCThreads                            = 3                                         {product} {ergonomic}
     uint G1ConcRefinementThreads                  = 10                                        {product} {ergonomic}
   size_t G1HeapRegionSize                         = 1048576                                   {product} {ergonomic}
    uintx GCDrainStackTargetSize                   = 64                                        {product} {ergonomic}
   size_t InitialHeapSize                          = 266338304                                 {product} {ergonomic}
   size_t MarkStackSize                            = 4194304                                   {product} {ergonomic}
   size_t MaxHeapSize                              = 2147483648                                {product} {command line}
   size_t MaxNewSize                               = 1287651328                                {product} {ergonomic}
   size_t MinHeapDeltaBytes                        = 1048576                                   {product} {ergonomic}
   size_t MinHeapSize                              = 8388608                                   {product} {ergonomic}
    uintx NonNMethodCodeHeapSize                   = 5839372                                {pd product} {ergonomic}
    uintx NonProfiledCodeHeapSize                  = 122909434                              {pd product} {ergonomic}
    uintx ProfiledCodeHeapSize                     = 122909434                              {pd product} {ergonomic}
    uintx ReservedCodeCacheSize                    = 251658240                              {pd product} {ergonomic}
     bool SegmentedCodeCache                       = true                                      {product} {ergonomic}
   size_t SoftMaxHeapSize                          = 2147483648                             {manageable} {ergonomic}
     bool UseCompressedClassPointers               = true                           {product lp64_product} {ergonomic}
     bool UseCompressedOops                        = true                           {product lp64_product} {ergonomic}
     bool UseG1GC                                  = true                                      {product} {ergonomic}
     bool UseLargePagesIndividualAllocation        = false                                  {pd product} {ergonomic}

Logging:
Log output configuration:
 #0: stdout all=warning uptime,level,tags
 #1: stderr all=off uptime,level,tags

Environment Variables:
PATH=C:\ProgramData\Oracle\Java\javapath;C:\Python312\Scripts\;C:\Python312\;C:\Windows\system32;C:\Windows;C:\Windows\System32\Wbem;C:\Windows\System32\WindowsPowerShell\v1.0\;C:\Windows\System32\OpenSSH\;C:\Program Files\nodejs\;C:\ProgramData\chocolatey\bin;C:\mongodb\bin;C:\Program Files\dotnet\;C:\Program Files (x86)\Windows Kits\10\Windows Performance Toolkit\;C:\Users\VICTORHERNANIALBIOL\AppData\Local\Microsoft\WindowsApps;C:\Users\VICTORHERNANIALBIOL\AppData\Local\Programs\Microsoft VS Code\bin;C:\Users\VICTORHERNANIALBIOL\AppData\Local\GitHubDesktop\bin
USERNAME=VICTORHERNANIALBIOL
OS=Windows_NT
PROCESSOR_IDENTIFIER=Intel64 Family 6 Model 167 Stepping 1, GenuineIntel
TMP=C:\Users\VICTOR~1\AppData\Local\Temp
TEMP=C:\Users\VICTOR~1\AppData\Local\Temp



Periodic native trim disabled

JNI global refs:
JNI global refs: 27, weak refs: 0

JNI global refs memory usage: 843, weak refs: 841

Process memory usage:
Resident Set Size: 294544K (1% of 16582264K total physical memory with 725916K free physical memory)

OOME stack traces (most recent first):
Classloader memory used:
Loader org.gradle.internal.classloader.VisitableURLClassLoader                         : 3498K
Loader bootstrap                                                                       : 2464K
Loader org.gradle.initialization.MixInLegacyTypesClassLoader                           : 1108K
Loader org.gradle.internal.classloader.VisitableURLClassLoader$InstrumentingVisitableURLClassLoader: 254K
Loader jdk.internal.loader.ClassLoaders$PlatformClassLoader                            : 67573B
Loader jdk.internal.loader.ClassLoaders$AppClassLoader                                 : 28714B
Loader jdk.internal.reflect.DelegatingClassLoader                                      : 22214B
Loader org.gradle.internal.classloader.VisitableURLClassLoader                         : 16886B

Classes loaded by more than one classloader:
Class Program                                                                         : loaded 4 times (x 72B)
Class com.google.common.collect.Iterators$MergingIterator                             : loaded 2 times (x 79B)
Class com.google.common.collect.SingletonImmutableList                                : loaded 2 times (x 167B)
Class org.gradle.internal.classpath.ClassPath                                         : loaded 2 times (x 68B)
Class org.gradle.api.internal.classpath.DefaultModuleRegistry                         : loaded 2 times (x 84B)
Class Settings_gradle$1$1                                                             : loaded 2 times (x 72B)
Class com.google.common.collect.ListMultimap                                          : loaded 2 times (x 68B)
Class com.google.common.base.CharMatcher$JavaDigit                                    : loaded 2 times (x 109B)
Class com.google.common.base.CharMatcher$Digit                                        : loaded 2 times (x 110B)
Class com.google.common.collect.AbstractMultimap                                      : loaded 2 times (x 121B)
Class org.gradle.api.Action                                                           : loaded 2 times (x 68B)
Class com.google.common.collect.ImmutableEntry                                        : loaded 2 times (x 80B)
Class com.google.common.collect.Lists$StringAsImmutableList                           : loaded 2 times (x 167B)
Class com.google.common.base.CharMatcher                                              : loaded 2 times (x 109B)
Class com.google.common.base.CharMatcher$IsNot                                        : loaded 2 times (x 109B)
Class com.google.common.base.Splitter                                                 : loaded 2 times (x 70B)
Class com.google.common.collect.Iterators$ArrayItr                                    : loaded 2 times (x 95B)
Class org.gradle.api.internal.DefaultClassPathProvider                                : loaded 2 times (x 74B)
Class org.gradle.internal.installation.GradleInstallation$1                           : loaded 2 times (x 73B)
Class com.google.common.base.CharMatcher$BitSetMatcher                                : loaded 2 times (x 110B)
Class com.google.common.collect.ImmutableMap$IteratorBasedImmutableMap                : loaded 2 times (x 123B)
Class com.google.common.collect.ImmutableMap                                          : loaded 2 times (x 118B)
Class com.google.common.base.Converter                                                : loaded 2 times (x 88B)
Class com.google.common.collect.ImmutableSet$EmptySetBuilderImpl                      : loaded 2 times (x 74B)
Class com.google.common.base.Predicate                                                : loaded 2 times (x 68B)
Class org.gradle.internal.classloader.FilteringClassLoader                            : loaded 2 times (x 103B)
Class com.google.common.collect.RegularImmutableSet                                   : loaded 2 times (x 146B)
Class org.gradle.internal.classpath.DefaultClassPath$ImmutableUniqueList$Builder      : loaded 2 times (x 73B)
Class com.google.common.collect.Maps$8                                                : loaded 2 times (x 80B)
Class com.google.common.base.PatternCompiler                                          : loaded 2 times (x 68B)
Class com.google.common.base.CharMatcher$InRange                                      : loaded 2 times (x 109B)
Class com.google.common.collect.BiMap                                                 : loaded 2 times (x 68B)
Class com.google.common.collect.Lists                                                 : loaded 2 times (x 69B)
Class com.google.common.math.IntMath$1                                                : loaded 2 times (x 69B)
Class org.gradle.internal.classloader.ClassLoaderVisitor                              : loaded 2 times (x 74B)
Class com.google.common.math.MathPreconditions                                        : loaded 2 times (x 69B)
Class org.gradle.internal.service.DefaultServiceLocator                               : loaded 2 times (x 81B)
Class org.gradle.internal.service.UnknownServiceException                             : loaded 2 times (x 81B)
Class com.google.common.collect.ArrayListMultimap                                     : loaded 2 times (x 170B)
Class com.google.common.base.Strings                                                  : loaded 2 times (x 69B)
Class org.gradle.internal.classloader.DefaultClassLoaderFactory                       : loaded 2 times (x 80B)
Class com.google.common.collect.UnmodifiableIterator                                  : loaded 2 times (x 78B)
Class com.google.common.base.Platform$JdkPatternCompiler                              : loaded 2 times (x 73B)
Class com.google.common.base.CharMatcher$SingleWidth                                  : loaded 2 times (x 110B)
Class com.google.common.collect.Hashing                                               : loaded 2 times (x 69B)
Class com.google.common.base.JdkPattern                                               : loaded 2 times (x 73B)
Class com.google.common.collect.Multimap                                              : loaded 2 times (x 68B)
Class org.gradle.internal.classloader.VisitableURLClassLoader$Spec                    : loaded 2 times (x 72B)
Class org.gradle.api.GradleException                                                  : loaded 2 times (x 80B)
Class com.google.common.base.CharMatcher$JavaLetterOrDigit                            : loaded 2 times (x 109B)
Class org.gradle.api.internal.classpath.ModuleRegistry                                : loaded 2 times (x 68B)
Class com.google.common.collect.ImmutableCollection                                   : loaded 2 times (x 123B)
Class org.gradle.api.internal.ClassPathProvider                                       : loaded 2 times (x 68B)
Class com.google.common.collect.RegularImmutableMap$Values                            : loaded 2 times (x 167B)
Class org.gradle.internal.classloader.ClasspathUtil$1                                 : loaded 2 times (x 74B)
Class com.google.common.collect.ImmutableEnumMap                                      : loaded 2 times (x 123B)
Class com.google.common.collect.ImmutableList$ReverseImmutableList                    : loaded 2 times (x 168B)
Class org.gradle.internal.classloader.ClassLoaderFactory                              : loaded 2 times (x 68B)
Class com.google.common.collect.ObjectArrays                                          : loaded 2 times (x 69B)
Class com.google.common.collect.Iterators$10                                          : loaded 2 times (x 79B)
Class com.google.common.collect.ImmutableList                                         : loaded 2 times (x 166B)
Class org.gradle.api.internal.classpath.ManifestUtil                                  : loaded 2 times (x 69B)
Class org.gradle.api.specs.Spec                                                       : loaded 2 times (x 68B)
Class com.google.common.base.CharMatcher$Whitespace                                   : loaded 2 times (x 110B)
Class com.google.common.collect.Iterators$1                                           : loaded 2 times (x 79B)
Class com.google.common.collect.Iterators$4                                           : loaded 2 times (x 80B)
Class com.google.common.collect.RegularImmutableMap$BucketOverflowException           : loaded 2 times (x 80B)
Class com.google.common.collect.Iterators$5                                           : loaded 2 times (x 80B)
Class com.google.common.base.Preconditions                                            : loaded 2 times (x 69B)
Class com.google.common.base.Function                                                 : loaded 2 times (x 68B)
Class com.google.common.collect.Iterators$9                                           : loaded 2 times (x 79B)
Class org.gradle.internal.IoActions                                                   : loaded 2 times (x 69B)
Class com.google.common.collect.RegularImmutableMap$KeySet                            : loaded 2 times (x 148B)
Class com.google.common.collect.CollectPreconditions                                  : loaded 2 times (x 69B)
Class com.google.common.collect.Maps                                                  : loaded 2 times (x 69B)
Class com.google.common.collect.RegularImmutableMap                                   : loaded 2 times (x 119B)
Class com.google.common.collect.AbstractIndexedListIterator                           : loaded 2 times (x 94B)
Class com.google.common.base.CharMatcher$None                                         : loaded 2 times (x 110B)
Class org.gradle.api.internal.classpath.EffectiveClassPath                            : loaded 2 times (x 88B)
Class com.google.common.collect.UnmodifiableListIterator                              : loaded 2 times (x 93B)
Class com.google.common.collect.ImmutableList$1                                       : loaded 2 times (x 95B)
Class com.google.common.base.Splitter$Strategy                                        : loaded 2 times (x 68B)
Class com.google.common.collect.ImmutableMapEntrySet$RegularEntrySet                  : loaded 2 times (x 149B)
Class org.gradle.internal.installation.CurrentGradleInstallation                      : loaded 2 times (x 71B)
Class org.gradle.internal.agents.InstrumentingClassLoader                             : loaded 2 times (x 68B)
Class org.gradle.internal.installation.CurrentGradleInstallationLocator               : loaded 2 times (x 69B)
Class org.gradle.api.internal.classpath.Module                                        : loaded 2 times (x 68B)
Class com.google.common.base.Splitter$1$1                                             : loaded 2 times (x 84B)
Class com.google.common.collect.ImmutableSet$JdkBackedSetBuilderImpl                  : loaded 2 times (x 74B)
Class com.google.common.collect.ImmutableSet$RegularSetBuilderImpl                    : loaded 2 times (x 75B)
Class org.gradle.internal.service.CachingServiceLocator                               : loaded 2 times (x 80B)
Class org.gradle.internal.classpath.DefaultClassPath                                  : loaded 2 times (x 88B)
Class com.google.common.base.Splitter$SplittingIterator                               : loaded 2 times (x 82B)
Class Build_gradle$1                                                                  : loaded 2 times (x 76B)
Class com.google.common.base.CharMatcher$Is                                           : loaded 2 times (x 109B)
Class com.google.common.base.Platform                                                 : loaded 2 times (x 69B)
Class com.google.common.collect.RegularImmutableAsList                                : loaded 2 times (x 176B)
Class com.google.common.collect.PeekingIterator                                       : loaded 2 times (x 68B)
Class com.google.common.collect.ImmutableMapEntrySet                                  : loaded 2 times (x 149B)
Class com.google.common.collect.ImmutableBiMapFauxverideShim                          : loaded 2 times (x 118B)
Class org.gradle.internal.classloader.SystemClassLoaderSpec                           : loaded 2 times (x 69B)
Class com.google.common.collect.SingletonImmutableSet                                 : loaded 2 times (x 144B)
Class [Lcom.google.common.base.AbstractIterator$State;                                : loaded 2 times (x 67B)
Class com.google.common.collect.ImmutableMap$Builder                                  : loaded 2 times (x 80B)
Class com.google.common.base.AbstractIterator                                         : loaded 2 times (x 78B)
Class com.google.common.base.AbstractIterator$1                                       : loaded 2 times (x 69B)
Class com.google.common.collect.Iterators                                             : loaded 2 times (x 69B)
Class com.google.common.base.CharMatcher$1                                            : loaded 2 times (x 111B)
Class com.google.common.base.CharMatcher$Ascii                                        : loaded 2 times (x 110B)
Class org.gradle.api.UncheckedIOException                                             : loaded 2 times (x 80B)
Class com.google.common.base.CharMatcher$And                                          : loaded 2 times (x 110B)
Class com.google.common.collect.IndexedImmutableSet                                   : loaded 2 times (x 148B)
Class com.google.common.collect.AbstractListMultimap                                  : loaded 2 times (x 170B)
Class com.google.common.base.CharMatcher$Any                                          : loaded 2 times (x 110B)
Class org.gradle.internal.installation.GradleInstallation                             : loaded 2 times (x 73B)
Class com.google.common.collect.ArrayListMultimapGwtSerializationDependencies         : loaded 2 times (x 170B)
Class com.google.common.base.CharMatcher$RangesMatcher                                : loaded 2 times (x 110B)
Class com.google.common.collect.ImmutableList$SubList                                 : loaded 2 times (x 168B)
Class org.gradle.internal.classloader.ClasspathUtil                                   : loaded 2 times (x 69B)
Class com.google.common.base.Splitter$1                                               : loaded 2 times (x 75B)
Class com.google.common.collect.Maps$BiMapConverter                                   : loaded 2 times (x 88B)
Class org.gradle.api.internal.DefaultClassPathRegistry                                : loaded 2 times (x 74B)
Class com.google.common.collect.ImmutableSet$SetBuilderImpl                           : loaded 2 times (x 74B)
Class org.gradle.api.internal.classpath.DefaultModuleRegistry$DefaultModule           : loaded 2 times (x 84B)
Class com.google.common.base.CharMatcher$JavaIsoControl                               : loaded 2 times (x 110B)
Class com.google.common.collect.ImmutableMap$1                                        : loaded 2 times (x 79B)
Class com.google.common.base.CharMatcher$Or                                           : loaded 2 times (x 110B)
Class org.gradle.kotlin.dsl.VersionCatalogAccessorsKt                                 : loaded 2 times (x 69B)
Class com.google.common.collect.Iterables                                             : loaded 2 times (x 69B)
Class com.google.common.base.CharMatcher$JavaLowerCase                                : loaded 2 times (x 109B)
Class org.gradle.api.internal.classpath.UnknownModuleException                        : loaded 2 times (x 80B)
Class com.google.common.collect.Maps$EntryTransformer                                 : loaded 2 times (x 68B)
Class com.google.common.collect.ImmutableCollection$Builder                           : loaded 2 times (x 74B)
Class com.google.common.base.CommonPattern                                            : loaded 2 times (x 72B)
Class org.gradle.internal.service.ServiceLookupException                              : loaded 2 times (x 80B)
Class org.gradle.cache.GlobalCache                                                    : loaded 2 times (x 68B)
Class com.google.common.base.CharMatcher$NegatedFastMatcher                           : loaded 2 times (x 111B)
Class [Lorg.gradle.api.internal.ClassPathProvider;                                    : loaded 2 times (x 67B)
Class org.gradle.util.internal.GUtil                                                  : loaded 2 times (x 69B)
Class com.google.common.math.IntMath                                                  : loaded 2 times (x 69B)
Class com.google.common.collect.AbstractIterator                                      : loaded 2 times (x 80B)
Class org.gradle.internal.classloader.ClassLoaderSpec                                 : loaded 2 times (x 69B)
Class com.google.common.base.NullnessCasts                                            : loaded 2 times (x 69B)
Class com.google.common.collect.AbstractMapEntry                                      : loaded 2 times (x 79B)
Class com.google.common.base.CharMatcher$Negated                                      : loaded 2 times (x 111B)
Class com.google.common.collect.ImmutableSet$Builder                                  : loaded 2 times (x 83B)
Class com.google.common.base.CharMatcher$ForPredicate                                 : loaded 2 times (x 110B)
Class com.google.common.collect.ImmutableMap$MapViewOfValuesAsSingletonSets           : loaded 2 times (x 123B)
Class com.google.common.collect.SortedMapDifference                                   : loaded 2 times (x 68B)
Class org.gradle.internal.classloader.VisitableURLClassLoader                         : loaded 2 times (x 115B)
Class com.google.common.collect.ImmutableBiMap                                        : loaded 2 times (x 141B)
Class org.gradle.internal.Cast                                                        : loaded 2 times (x 69B)
Class Build_gradle                                                                    : loaded 2 times (x 70B)
Class org.gradle.api.internal.ClassPathRegistry                                       : loaded 2 times (x 68B)
Class com.google.common.collect.ImmutableSet                                          : loaded 2 times (x 143B)
Class org.gradle.internal.classloader.VisitableURLClassLoader$InstrumentingVisitableURLClassLoader: loaded 2 times (x 121B)
Class org.gradle.internal.classloader.ClassLoaderHierarchy                            : loaded 2 times (x 68B)
Class com.google.common.base.AbstractIterator$State                                   : loaded 2 times (x 77B)
Class com.google.common.base.CharMatcher$NamedFastMatcher                             : loaded 2 times (x 110B)
Class org.gradle.internal.InternalTransformer                                         : loaded 2 times (x 68B)
Class org.gradle.internal.service.ServiceLocator                                      : loaded 2 times (x 68B)
Class Settings_gradle$1                                                               : loaded 2 times (x 72B)
Class com.google.common.collect.ImmutableMapEntry                                     : loaded 2 times (x 83B)
Class com.google.common.base.CharMatcher$Invisible                                    : loaded 2 times (x 110B)
Class com.google.common.base.CharMatcher$FastMatcher                                  : loaded 2 times (x 109B)
Class org.gradle.internal.classpath.DefaultClassPath$ImmutableUniqueList              : loaded 2 times (x 159B)
Class com.google.common.base.CharMatcher$JavaLetter                                   : loaded 2 times (x 109B)
Class org.gradle.internal.classpath.TransformedClassPath                              : loaded 2 times (x 94B)
Class com.google.common.collect.MapDifference                                         : loaded 2 times (x 68B)
Class Settings_gradle                                                                 : loaded 2 times (x 126B)
Class com.google.common.collect.Platform                                              : loaded 2 times (x 69B)
Class com.google.common.collect.ImmutableAsList                                       : loaded 2 times (x 169B)
Class com.google.common.base.CharMatcher$AnyOf                                        : loaded 2 times (x 110B)
Class com.google.common.base.CharMatcher$IsEither                                     : loaded 2 times (x 109B)
Class com.google.common.collect.RegularImmutableList                                  : loaded 2 times (x 172B)
Class com.google.common.base.CharMatcher$JavaUpperCase                                : loaded 2 times (x 109B)
Class com.google.common.collect.Multiset                                              : loaded 2 times (x 68B)
Class com.google.common.collect.ImmutableSet$CachingAsList                            : loaded 2 times (x 145B)
Class com.google.common.collect.ImmutableMapEntry$NonTerminalImmutableMapEntry        : loaded 2 times (x 83B)
Class com.google.common.collect.AbstractMapBasedMultimap                              : loaded 2 times (x 137B)


---------------  S Y S T E M  ---------------

OS:
 Windows 10 , 64 bit Build 19041 (10.0.19041.5198)
OS uptime: 0 days 0:54 hours

CPU: total 12 (initial active 12) (6 cores per cpu, 2 threads per core) family 6 model 167 stepping 1 microcode 0x5e, cx8, cmov, fxsr, ht, mmx, 3dnowpref, sse, sse2, sse3, ssse3, sse4.1, sse4.2, popcnt, lzcnt, tsc, tscinvbit, avx, avx2, aes, erms, clmul, bmi1, bmi2, adx, avx512f, avx512dq, avx512cd, avx512bw, avx512vl, sha, fma, vzeroupper, avx512_vpopcntdq, avx512_vpclmulqdq, avx512_vaes, avx512_vnni, clflush, clflushopt, avx512_vbmi2, avx512_vbmi
Processor Information for all 12 processors :
  Max Mhz: 2592, Current Mhz: 2592, Mhz Limit: 2592

Memory: 4k page, system-wide physical 16193M (706M free)
TotalPageFile size 16193M (AvailPageFile size 3M)
current process WorkingSet (physical memory assigned to process): 287M, peak: 287M
current process commit charge ("private bytes"): 341M, peak: 402M

vm_info: OpenJDK 64-Bit Server VM (17.0.11+0--11852314) for windows-amd64 JRE (17.0.11+0--11852314), built on May 16 2024 21:29:20 by "androidbuild" with MS VC++ 16.10 / 16.11 (VS2019)

END.
